D:\HotelManagementSystem-Django\HMS\hotelobsidian\bookinginfoviews.py changed, reloading.
Watching for file changes with StatReloader
D:\HotelManagementSystem-Django\HMS\hotelobsidian\bookinginfoviews.py changed, reloading.
Watching for file changes with StatReloader
"POST /hotelobsidian/admin/roominformation/new_update/ HTTP/1.1" 200 28779
"POST /hotelobsidian/admin/roominformation/new_update/ HTTP/1.1" 200 70962
"POST /hotelobsidian/admin/roominformation/new_update/ HTTP/1.1" 200 37778
D:\HotelManagementSystem-Django\HMS\hotelobsidian\branchviews.py changed, reloading.
Watching for file changes with StatReloader
D:\HotelManagementSystem-Django\HMS\hotelobsidian\branchviews.py changed, reloading.
Watching for file changes with StatReloader
D:\HotelManagementSystem-Django\HMS\hotelobsidian\branchviews.py changed, reloading.
Watching for file changes with StatReloader
D:\HotelManagementSystem-Django\HMS\hotelobsidian\bookinginfoviews.py changed, reloading.
Watching for file changes with StatReloader
D:\HotelManagementSystem-Django\HMS\hotelobsidian\bookinginfoviews.py changed, reloading.
Watching for file changes with StatReloader
D:\HotelManagementSystem-Django\HMS\hotelobsidian\roomviews.py changed, reloading.
Watching for file changes with StatReloader
Watching for file changes with StatReloader
Watching for file changes with StatReloader
"GET /hotelobsidian/ HTTP/1.1" 200 18547
Not Found: /favicon.ico
"GET /favicon.ico HTTP/1.1" 404 2448
"GET /hotelobsidian/login/ HTTP/1.1" 200 15529
"GET /static/your_stylesheet.css HTTP/1.1" 404 1917
"POST /hotelobsidian/homepage/ HTTP/1.1" 200 18531
"GET /hotelobsidian/admin/ HTTP/1.1" 200 12774
"GET /static/your_stylesheet.css HTTP/1.1" 404 1917
"GET /hotelobsidian/admin/customerinformation/ HTTP/1.1" 200 23135
"GET /hotelobsidian/admin/ HTTP/1.1" 200 12774
"GET /static/your_stylesheet.css HTTP/1.1" 404 1917
"GET /hotelobsidian/admin/branchinformation/ HTTP/1.1" 200 22006
"GET /hotelobsidian/admin/ HTTP/1.1" 200 12774
"GET /static/your_stylesheet.css HTTP/1.1" 404 1917
"GET /hotelobsidian/admin/roomtype/ HTTP/1.1" 200 21804
"GET /hotelobsidian/admin/ HTTP/1.1" 200 12774
"GET /static/your_stylesheet.css HTTP/1.1" 404 1917
"GET /hotelobsidian/admin/roominformation/ HTTP/1.1" 200 24299
"POST /hotelobsidian/admin/roominformation/update/ HTTP/1.1" 200 26292
"POST /hotelobsidian/admin/roominformation/new_update/ HTTP/1.1" 200 59288
"GET /hotelobsidian/admin/roominformation/ HTTP/1.1" 200 24299
"POST /hotelobsidian/admin/roominformation/update/ HTTP/1.1" 200 26292
"POST /hotelobsidian/admin/roominformation/new_update/ HTTP/1.1" 200 59288
"GET /hotelobsidian/admin/roominformation/ HTTP/1.1" 200 24299
"GET /hotelobsidian/admin/ HTTP/1.1" 200 12774
"GET /static/your_stylesheet.css HTTP/1.1" 404 1917
"GET /hotelobsidian/admin/branchinformation/ HTTP/1.1" 200 22006
"POST /hotelobsidian/admin/branchinformation/update/ HTTP/1.1" 200 27298
"GET /hotelobsidian/admin/branchinformation/ HTTP/1.1" 200 22006
"GET /hotelobsidian/admin/ HTTP/1.1" 200 12774
"GET /static/your_stylesheet.css HTTP/1.1" 404 1917
"GET /hotelobsidian/admin/roomtype/ HTTP/1.1" 200 21804
"POST /hotelobsidian/admin/roomtype/update/ HTTP/1.1" 200 37559
"GET /hotelobsidian/admin/roomtype/ HTTP/1.1" 200 21804
"GET /hotelobsidian/admin/ HTTP/1.1" 200 12774
"GET /static/your_stylesheet.css HTTP/1.1" 404 1917
"GET /hotelobsidian/admin/roominformation/ HTTP/1.1" 200 24299
"POST /hotelobsidian/admin/roominformation/update/ HTTP/1.1" 200 26292
"POST /hotelobsidian/admin/roominformation/new_update/ HTTP/1.1" 200 59288
"GET /hotelobsidian/admin/roominformation/ HTTP/1.1" 200 24299
"GET /hotelobsidian/admin/ HTTP/1.1" 200 12774
"GET /static/your_stylesheet.css HTTP/1.1" 404 1917
"GET /hotelobsidian/admin/payments/ HTTP/1.1" 200 21654
"GET /hotelobsidian/admin/billdetails/1/ HTTP/1.1" 200 12502
"GET /hotelobsidian/admin/billdetails/1/ HTTP/1.1" 200 12502
"GET /hotelobsidian/catalogue/ HTTP/1.1" 200 14260
"GET /hotelobsidian/cataloguelist/?Location=Quetta HTTP/1.1" 200 13311
"GET /hotelobsidian/cataloguelist/?Location=Quetta HTTP/1.1" 200 13384
"GET /hotelobsidian/cataloguelist/?Location=Quetta HTTP/1.1" 200 13383
"GET /hotelobsidian/cataloguelist/?Location=Quetta HTTP/1.1" 200 13383
"GET /hotelobsidian/cataloguelist/?Location=Quetta HTTP/1.1" 200 13383
"GET /hotelobsidian/cataloguelist/?Location=Quetta HTTP/1.1" 200 13382
"GET /hotelobsidian/catalogue/ HTTP/1.1" 200 14260
"GET /hotelobsidian/cataloguelist/?Location=Quetta HTTP/1.1" 200 13382
"GET /hotelobsidian/admin/billdetails/2/ HTTP/1.1" 200 12502
"GET /hotelobsidian/admin/billdetails/3/ HTTP/1.1" 200 12502
"GET /hotelobsidian/admin/billdetails/4/ HTTP/1.1" 200 12502
"GET /hotelobsidian/admin/ HTTP/1.1" 200 12774
"GET /static/your_stylesheet.css HTTP/1.1" 404 1917
"GET /hotelobsidian/admin/branchinformation/ HTTP/1.1" 200 22006
"POST /hotelobsidian/admin/branchinformation/update/ HTTP/1.1" 200 27298
"GET /hotelobsidian/admin/branchinformation/ HTTP/1.1" 200 22006
"GET /hotelobsidian/admin/ HTTP/1.1" 200 12774
"GET /static/your_stylesheet.css HTTP/1.1" 404 1917
"GET /hotelobsidian/admin/payments/ HTTP/1.1" 200 21654
"GET /hotelobsidian/admin/billdetails/3/ HTTP/1.1" 200 12502
E:\Semester 5\Software Design & Analysis\Project\HotelManagementSystem-Django\HMS\hotelobsidian\paymentinfoviews.py changed, reloading.
Watching for file changes with StatReloader
E:\Semester 5\Software Design & Analysis\Project\HotelManagementSystem-Django\HMS\hotelobsidian\paymentinfoviews.py changed, reloading.
Watching for file changes with StatReloader
"GET /hotelobsidian/admin/billdetails/3/ HTTP/1.1" 200 12502
"GET /hotelobsidian/admin/billdetails/1/ HTTP/1.1" 200 15089
"GET /hotelobsidian/admin/billdetails/2/ HTTP/1.1" 200 14409
"GET /hotelobsidian/admin/billdetails/3/ HTTP/1.1" 200 12502
"GET /hotelobsidian/admin/billdetails/4/ HTTP/1.1" 200 14407
"GET /hotelobsidian/logout HTTP/1.1" 302 0
"GET /hotelobsidian/login/ HTTP/1.1" 200 15529
"GET /static/your_stylesheet.css HTTP/1.1" 404 1917
"POST /hotelobsidian/homepage/ HTTP/1.1" 200 18531
"GET /hotelobsidian/admin/ HTTP/1.1" 200 12774
"GET /static/your_stylesheet.css HTTP/1.1" 404 1917
"GET /hotelobsidian/admin/payments/ HTTP/1.1" 200 21654
"GET /hotelobsidian/admin/billdetails/1/ HTTP/1.1" 200 15089
"GET /hotelobsidian/admin/payments/ HTTP/1.1" 200 21654
"GET /hotelobsidian/admin/billdetails/4/ HTTP/1.1" 200 14407
"GET /hotelobsidian/admin/payments/ HTTP/1.1" 200 21654
"GET /hotelobsidian/admin/billdetails/3/ HTTP/1.1" 200 12502
E:\Semester 5\Software Design & Analysis\Project\HotelManagementSystem-Django\HMS\hotelobsidian\paymentinfoviews.py changed, reloading.
Watching for file changes with StatReloader
"GET /hotelobsidian/admin/payments/ HTTP/1.1" 200 21656
"GET /hotelobsidian/admin/payments/ HTTP/1.1" 200 21655
"GET /hotelobsidian/admin/billdetails/1/ HTTP/1.1" 200 15089
"GET /hotelobsidian/admin/payments/ HTTP/1.1" 200 21655
"POST /hotelobsidian/admin/payments/payments_search HTTP/1.1" 200 17017
"GET /hotelobsidian/admin/payments/payments_search HTTP/1.1" 200 21655
"POST /hotelobsidian/admin/payments/payments_search HTTP/1.1" 200 17017
"POST /hotelobsidian/admin/payments/payments_search HTTP/1.1" 200 17017
"POST /hotelobsidian/admin/payments/payments_search HTTP/1.1" 200 17017
"GET /hotelobsidian/admin/ HTTP/1.1" 200 12774
"GET /static/your_stylesheet.css HTTP/1.1" 404 1917
"GET /hotelobsidian/admin/payments/ HTTP/1.1" 200 21655
"POST /hotelobsidian/admin/payments/payments_search HTTP/1.1" 200 21655
"POST /hotelobsidian/admin/payments/payments_search HTTP/1.1" 200 17017
"GET /hotelobsidian/admin/ HTTP/1.1" 200 12774
"GET /static/your_stylesheet.css HTTP/1.1" 404 1917
"GET /hotelobsidian/admin/payments/ HTTP/1.1" 200 21655
"POST /hotelobsidian/admin/payments/payments_search HTTP/1.1" 200 16992
"GET /hotelobsidian/admin/ HTTP/1.1" 200 12774
"GET /static/your_stylesheet.css HTTP/1.1" 404 1917
"GET /hotelobsidian/admin/payments/ HTTP/1.1" 200 21655
"POST /hotelobsidian/admin/payments/payments_search HTTP/1.1" 200 17017
"GET /hotelobsidian/admin/ HTTP/1.1" 200 12774
"GET /static/your_stylesheet.css HTTP/1.1" 404 1917
"GET /hotelobsidian/admin/payments/ HTTP/1.1" 200 21655
"POST /hotelobsidian/admin/payments/payments_search HTTP/1.1" 200 17017
"GET /hotelobsidian/admin/ HTTP/1.1" 200 12774
"GET /static/your_stylesheet.css HTTP/1.1" 404 1917
"GET /hotelobsidian/admin/payments/ HTTP/1.1" 200 21655
E:\Semester 5\Software Design & Analysis\Project\HotelManagementSystem-Django\HMS\hotelobsidian\paymentinfoviews.py changed, reloading.
Watching for file changes with StatReloader
E:\Semester 5\Software Design & Analysis\Project\HotelManagementSystem-Django\HMS\hotelobsidian\paymentinfoviews.py changed, reloading.
Watching for file changes with StatReloader
E:\Semester 5\Software Design & Analysis\Project\HotelManagementSystem-Django\HMS\hotelobsidian\paymentinfoviews.py changed, reloading.
Watching for file changes with StatReloader
E:\Semester 5\Software Design & Analysis\Project\HotelManagementSystem-Django\HMS\hotelobsidian\paymentinfoviews.py changed, reloading.
Watching for file changes with StatReloader
E:\Semester 5\Software Design & Analysis\Project\HotelManagementSystem-Django\HMS\hotelobsidian\paymentinfoviews.py changed, reloading.
Watching for file changes with StatReloader
E:\Semester 5\Software Design & Analysis\Project\HotelManagementSystem-Django\HMS\hotelobsidian\paymentinfoviews.py changed, reloading.
Watching for file changes with StatReloader
"GET /hotelobsidian/admin/payments/ HTTP/1.1" 200 21655
"POST /hotelobsidian/admin/payments/payments_search HTTP/1.1" 200 18565
"GET /hotelobsidian/admin/ HTTP/1.1" 200 12774
"GET /static/your_stylesheet.css HTTP/1.1" 404 1917
"GET /hotelobsidian/admin/payments/ HTTP/1.1" 200 21655
"GET /hotelobsidian/admin/payments/ HTTP/1.1" 200 21655
"GET /hotelobsidian/admin/payments/ HTTP/1.1" 200 21655
"GET /hotelobsidian/admin/payments/ HTTP/1.1" 200 21654
"GET /hotelobsidian/admin/payments/ HTTP/1.1" 200 21630
"GET /hotelobsidian/admin/ HTTP/1.1" 200 12774
"GET /static/your_stylesheet.css HTTP/1.1" 404 1917
"GET /hotelobsidian/admin/bookinginformation/ HTTP/1.1" 200 19634
"POST /hotelobsidian/admin/bookinginformation/bookings_search HTTP/1.1" 200 19634
E:\Semester 5\Software Design & Analysis\Project\HotelManagementSystem-Django\HMS\hotelobsidian\views.py changed, reloading.
Watching for file changes with StatReloader
"GET /hotelobsidian/admin/bookinginformation/bookings_search HTTP/1.1" 200 19634
"GET /hotelobsidian/admin/ HTTP/1.1" 200 12774
"GET /static/your_stylesheet.css HTTP/1.1" 404 1917
"GET /hotelobsidian/admin/bookinginformation/ HTTP/1.1" 200 19634
Internal Server Error: /hotelobsidian/admin/bookinginformation/
Traceback (most recent call last):
  File "E:\Semester 5\Software Design & Analysis\Project\env\Lib\site-packages\django\contrib\sessions\backends\base.py", line 187, in _get_session
    return self._session_cache
           ^^^^^^^^^^^^^^^^^^^
AttributeError: 'SessionStore' object has no attribute '_session_cache'

During handling of the above exception, another exception occurred:

Traceback (most recent call last):
  File "E:\Semester 5\Software Design & Analysis\Project\env\Lib\site-packages\django\db\backends\utils.py", line 89, in _execute
    return self.cursor.execute(sql, params)
           ^^^^^^^^^^^^^^^^^^^^^^^^^^^^^^^^
  File "E:\Semester 5\Software Design & Analysis\Project\env\Lib\site-packages\django\db\backends\mysql\base.py", line 75, in execute
    return self.cursor.execute(query, args)
           ^^^^^^^^^^^^^^^^^^^^^^^^^^^^^^^^
  File "E:\Semester 5\Software Design & Analysis\Project\env\Lib\site-packages\MySQLdb\cursors.py", line 179, in execute
    res = self._query(mogrified_query)
          ^^^^^^^^^^^^^^^^^^^^^^^^^^^^
  File "E:\Semester 5\Software Design & Analysis\Project\env\Lib\site-packages\MySQLdb\cursors.py", line 330, in _query
    db.query(q)
  File "E:\Semester 5\Software Design & Analysis\Project\env\Lib\site-packages\MySQLdb\connections.py", line 255, in query
    _mysql.connection.query(self, query)
MySQLdb.ProgrammingError: (1146, "Table 'hotelmanagementsystem.django_session' doesn't exist")

The above exception was the direct cause of the following exception:

Traceback (most recent call last):
  File "E:\Semester 5\Software Design & Analysis\Project\env\Lib\site-packages\django\core\handlers\exception.py", line 55, in inner
    response = get_response(request)
               ^^^^^^^^^^^^^^^^^^^^^
  File "E:\Semester 5\Software Design & Analysis\Project\env\Lib\site-packages\django\core\handlers\base.py", line 197, in _get_response
    response = wrapped_callback(request, *callback_args, **callback_kwargs)
               ^^^^^^^^^^^^^^^^^^^^^^^^^^^^^^^^^^^^^^^^^^^^^^^^^^^^^^^^^^^^
  File "E:\Semester 5\Software Design & Analysis\Project\HotelManagementSystem-Django\HMS\hotelobsidian\views.py", line 112, in bookinginformation
    logintype = request.session.get('logintype', None)
               ^^^^^^^^^^^^^^^^^^^^^^^^^^^^^^^^^^^^^^
  File "E:\Semester 5\Software Design & Analysis\Project\env\Lib\site-packages\django\contrib\sessions\backends\base.py", line 68, in get
    return self._session.get(key, default)
           ^^^^^^^^^^^^^
  File "E:\Semester 5\Software Design & Analysis\Project\env\Lib\site-packages\django\contrib\sessions\backends\base.py", line 192, in _get_session
    self._session_cache = self.load()
                          ^^^^^^^^^^^
  File "E:\Semester 5\Software Design & Analysis\Project\env\Lib\site-packages\django\contrib\sessions\backends\db.py", line 42, in load
    s = self._get_session_from_db()
        ^^^^^^^^^^^^^^^^^^^^^^^^^^^
  File "E:\Semester 5\Software Design & Analysis\Project\env\Lib\site-packages\django\contrib\sessions\backends\db.py", line 32, in _get_session_from_db
    return self.model.objects.get(
           ^^^^^^^^^^^^^^^^^^^^^^^
  File "E:\Semester 5\Software Design & Analysis\Project\env\Lib\site-packages\django\db\models\manager.py", line 87, in manager_method
    return getattr(self.get_queryset(), name)(*args, **kwargs)
           ^^^^^^^^^^^^^^^^^^^^^^^^^^^^^^^^^^^^^^^^^^^^^^^^^^^
  File "E:\Semester 5\Software Design & Analysis\Project\env\Lib\site-packages\django\db\models\query.py", line 633, in get
    num = len(clone)
          ^^^^^^^^^^
  File "E:\Semester 5\Software Design & Analysis\Project\env\Lib\site-packages\django\db\models\query.py", line 380, in __len__
    self._fetch_all()
  File "E:\Semester 5\Software Design & Analysis\Project\env\Lib\site-packages\django\db\models\query.py", line 1881, in _fetch_all
    self._result_cache = list(self._iterable_class(self))
                         ^^^^^^^^^^^^^^^^^^^^^^^^^^^^^^^^
  File "E:\Semester 5\Software Design & Analysis\Project\env\Lib\site-packages\django\db\models\query.py", line 91, in __iter__
    results = compiler.execute_sql(
              ^^^^^^^^^^^^^^^^^^^^^
  File "E:\Semester 5\Software Design & Analysis\Project\env\Lib\site-packages\django\db\models\sql\compiler.py", line 1562, in execute_sql
    cursor.execute(sql, params)
  File "E:\Semester 5\Software Design & Analysis\Project\env\Lib\site-packages\django\db\backends\utils.py", line 102, in execute
    return super().execute(sql, params)
           ^^^^^^^^^^^^^^^^^^^^^^^^^^^^
  File "E:\Semester 5\Software Design & Analysis\Project\env\Lib\site-packages\django\db\backends\utils.py", line 67, in execute
    return self._execute_with_wrappers(
           ^^^^^^^^^^^^^^^^^^^^^^^^^^^^
  File "E:\Semester 5\Software Design & Analysis\Project\env\Lib\site-packages\django\db\backends\utils.py", line 80, in _execute_with_wrappers
    return executor(sql, params, many, context)
           ^^^^^^^^^^^^^^^^^^^^^^^^^^^^^^^^^^^^
  File "E:\Semester 5\Software Design & Analysis\Project\env\Lib\site-packages\django\db\backends\utils.py", line 84, in _execute
    with self.db.wrap_database_errors:
  File "E:\Semester 5\Software Design & Analysis\Project\env\Lib\site-packages\django\db\utils.py", line 91, in __exit__
    raise dj_exc_value.with_traceback(traceback) from exc_value
  File "E:\Semester 5\Software Design & Analysis\Project\env\Lib\site-packages\django\db\backends\utils.py", line 89, in _execute
    return self.cursor.execute(sql, params)
           ^^^^^^^^^^^^^^^^^^^^^^^^^^^^^^^^
  File "E:\Semester 5\Software Design & Analysis\Project\env\Lib\site-packages\django\db\backends\mysql\base.py", line 75, in execute
    return self.cursor.execute(query, args)
           ^^^^^^^^^^^^^^^^^^^^^^^^^^^^^^^^
  File "E:\Semester 5\Software Design & Analysis\Project\env\Lib\site-packages\MySQLdb\cursors.py", line 179, in execute
    res = self._query(mogrified_query)
          ^^^^^^^^^^^^^^^^^^^^^^^^^^^^
  File "E:\Semester 5\Software Design & Analysis\Project\env\Lib\site-packages\MySQLdb\cursors.py", line 330, in _query
    db.query(q)
  File "E:\Semester 5\Software Design & Analysis\Project\env\Lib\site-packages\MySQLdb\connections.py", line 255, in query
    _mysql.connection.query(self, query)
django.db.utils.ProgrammingError: (1146, "Table 'hotelmanagementsystem.django_session' doesn't exist")
"GET /hotelobsidian/admin/bookinginformation/ HTTP/1.1" 500 183564
Watching for file changes with StatReloader
"GET /hotelobsidian/admin/bookinginformation/ HTTP/1.1" 200 19656
"GET /hotelobsidian/admin/ HTTP/1.1" 200 12796
"GET /static/your_stylesheet.css HTTP/1.1" 404 1917
"GET /hotelobsidian/admin/bookinginformation/ HTTP/1.1" 200 21398
Watching for file changes with StatReloader
"GET /hotelobsidian/admin/bookinginformation/ HTTP/1.1" 200 19656
Watching for file changes with StatReloader
"GET /hotelobsidian/admin/bookinginformation/ HTTP/1.1" 200 24744
"GET /hotelobsidian/admin/bookinginformation/ HTTP/1.1" 200 24744
"GET /hotelobsidian/admin/ HTTP/1.1" 200 12796
"GET /static/your_stylesheet.css HTTP/1.1" 404 1917
"GET /hotelobsidian/admin/branchinformation/ HTTP/1.1" 200 22028
"POST /hotelobsidian/admin/branchinformation/update/ HTTP/1.1" 200 28059
"GET /hotelobsidian/admin/branchinformation/ HTTP/1.1" 200 22028
"GET /hotelobsidian/admin/ HTTP/1.1" 200 12796
"GET /static/your_stylesheet.css HTTP/1.1" 404 1917
"GET /hotelobsidian/admin/roomtype/ HTTP/1.1" 200 21826
"POST /hotelobsidian/admin/roomtype/update/ HTTP/1.1" 200 37581
"GET /hotelobsidian/admin/roomtype/ HTTP/1.1" 200 21826
"GET /hotelobsidian/admin/ HTTP/1.1" 200 12796
"GET /static/your_stylesheet.css HTTP/1.1" 404 1917
"GET /hotelobsidian/admin/roominformation/ HTTP/1.1" 200 24321
"POST /hotelobsidian/admin/roominformation/update/ HTTP/1.1" 200 26314
E:\Semester 5\Software Design & Analysis\Project\HotelManagementSystem-Django\HMS\hotelobsidian\views.py changed, reloading.
Watching for file changes with StatReloader
E:\Semester 5\Software Design & Analysis\Project\HotelManagementSystem-Django\HMS\hotelobsidian\views.py changed, reloading.
Watching for file changes with StatReloader
E:\Semester 5\Software Design & Analysis\Project\HotelManagementSystem-Django\HMS\hotelobsidian\views.py changed, reloading.
Watching for file changes with StatReloader
E:\Semester 5\Software Design & Analysis\Project\HotelManagementSystem-Django\HMS\hotelobsidian\views.py changed, reloading.
Watching for file changes with StatReloader
"GET /hotelobsidian/admin/roominformation/update/ HTTP/1.1" 200 73354
E:\Semester 5\Software Design & Analysis\Project\HotelManagementSystem-Django\HMS\hotelobsidian\roominformationviews.py changed, reloading.
Watching for file changes with StatReloader
E:\Semester 5\Software Design & Analysis\Project\HotelManagementSystem-Django\HMS\hotelobsidian\roominformationviews.py changed, reloading.
Watching for file changes with StatReloader
E:\Semester 5\Software Design & Analysis\Project\HotelManagementSystem-Django\HMS\hotelobsidian\roominformationviews.py changed, reloading.
Watching for file changes with StatReloader
"GET /hotelobsidian/admin/roominformation/update/ HTTP/1.1" 200 73354
"GET /hotelobsidian/login/ HTTP/1.1" 200 15529
"GET /static/your_stylesheet.css HTTP/1.1" 404 1917
"POST /hotelobsidian/homepage/ HTTP/1.1" 200 18625
"GET /hotelobsidian/admin/ HTTP/1.1" 200 12774
"GET /static/your_stylesheet.css HTTP/1.1" 404 1917
"GET /hotelobsidian/admin/roomtype/ HTTP/1.1" 200 21804
"POST /hotelobsidian/admin/roomtype/update/ HTTP/1.1" 200 37559
"POST /hotelobsidian/admin/roomtype/new_update/ HTTP/1.1" 200 26140
"GET /hotelobsidian/admin/roomtype/ HTTP/1.1" 200 21804
"GET /hotelobsidian/admin/ HTTP/1.1" 200 12774
"GET /static/your_stylesheet.css HTTP/1.1" 404 1917
"GET /hotelobsidian/admin/roominformation/ HTTP/1.1" 200 24299
"POST /hotelobsidian/admin/roominformation/add/ HTTP/1.1" 200 27349
"GET /hotelobsidian/admin/roominformation/add_new/ HTTP/1.1" 200 121
"GET /hotelobsidian/admin/roominformation/ HTTP/1.1" 200 24299
"POST /hotelobsidian/admin/roominformation/update/ HTTP/1.1" 200 73332
"POST /hotelobsidian/admin/roominformation/new_update/ HTTP/1.1" 200 28130
"GET /hotelobsidian/admin/roominformation/ HTTP/1.1" 200 24299
"POST /hotelobsidian/admin/roominformation/add/ HTTP/1.1" 200 27349
"GET /hotelobsidian/admin/roominformation/add_new/ HTTP/1.1" 200 121
"POST /hotelobsidian/admin/roominformation/add_new_information/1/ HTTP/1.1" 200 109
"GET /hotelobsidian/admin/roominformation/enter_data/?room_type_id=1&room_number=4&location=Lahore HTTP/1.1" 200 17
Bad Request: /hotelobsidian/admin/roominformation/enter_data/
"GET /hotelobsidian/admin/roominformation/enter_data/?room_type_id=1&room_number=4&location=Lahore HTTP/1.1" 400 68
Bad Request: /hotelobsidian/admin/roominformation/enter_data/
"GET /hotelobsidian/admin/roominformation/enter_data/?room_type_id=1&room_number=4&location=Lahore HTTP/1.1" 400 68
"GET /hotelobsidian/admin/roominformation/enter_data/?room_type_id=1&room_number=7&location=Lahore HTTP/1.1" 200 17
Bad Request: /hotelobsidian/admin/roominformation/enter_data/
"GET /hotelobsidian/admin/roominformation/enter_data/?room_type_id=1&room_number=7&location=Lahore HTTP/1.1" 400 68
"GET /hotelobsidian/admin/roominformation/ HTTP/1.1" 200 24795
"POST /hotelobsidian/admin/roominformation/add/ HTTP/1.1" 200 27349
"GET /hotelobsidian/admin/roominformation/add_new/ HTTP/1.1" 200 121
"GET /hotelobsidian/admin/roominformation/ HTTP/1.1" 200 24299
"POST /hotelobsidian/admin/roominformation/add/ HTTP/1.1" 200 27349
"GET /hotelobsidian/admin/roominformation/add_new/ HTTP/1.1" 200 121
"POST /hotelobsidian/admin/roominformation/add_new_information/1/ HTTP/1.1" 200 109
"GET /hotelobsidian/admin/roominformation/enter_data/?room_type_id=1&room_number=112&location=Lahore HTTP/1.1" 200 17
"POST /hotelobsidian/admin/roominformation/add_new_information/6/ HTTP/1.1" 200 108
"GET /hotelobsidian/admin/roominformation/enter_data/?room_type_id=6&room_number=112&location=Lahore HTTP/1.1" 200 17
Bad Request: /hotelobsidian/admin/roominformation/enter_data/
"GET /hotelobsidian/admin/roominformation/enter_data/?room_type_id=6&room_number=112&location=Lahore HTTP/1.1" 400 68
Bad Request: /hotelobsidian/admin/roominformation/enter_data/
"GET /hotelobsidian/admin/roominformation/enter_data/?room_type_id=6&room_number=112&location=Lahore HTTP/1.1" 400 68
Bad Request: /hotelobsidian/admin/roominformation/enter_data/
"GET /hotelobsidian/admin/roominformation/enter_data/?room_type_id=6&room_number=112&location=Lahore HTTP/1.1" 400 68
Bad Request: /hotelobsidian/admin/roominformation/enter_data/
"GET /hotelobsidian/admin/roominformation/enter_data/?room_type_id=6&room_number=112&location=Lahore HTTP/1.1" 400 68
"GET /hotelobsidian/admin/roominformation/ HTTP/1.1" 200 24893
"POST /hotelobsidian/admin/roominformation/update/ HTTP/1.1" 200 77347
"GET /hotelobsidian/admin/roominformation/ HTTP/1.1" 200 24299
"POST /hotelobsidian/admin/roominformation/add/ HTTP/1.1" 200 27349
"GET /hotelobsidian/admin/roominformation/add_new/ HTTP/1.1" 200 121
"POST /hotelobsidian/admin/roominformation/add_new_information/1/ HTTP/1.1" 200 109
"GET /hotelobsidian/admin/roominformation/enter_data/?room_type_id=1&room_number=5&location=Quetta HTTP/1.1" 200 17
"GET /hotelobsidian/admin/roominformation/ HTTP/1.1" 200 24427
"POST /hotelobsidian/admin/roominformation/update/ HTTP/1.1" 200 78350
"GET /hotelobsidian/admin/roominformation/ HTTP/1.1" 200 24299
Watching for file changes with StatReloader
"GET /hotelobsidian/ HTTP/1.1" 200 18641
Not Found: /favicon.ico
"GET /favicon.ico HTTP/1.1" 404 2448
"GET /hotelobsidian/login/ HTTP/1.1" 200 15529
"GET /static/your_stylesheet.css HTTP/1.1" 404 1917
"POST /hotelobsidian/homepage/ HTTP/1.1" 200 18625
"GET /hotelobsidian/admin/ HTTP/1.1" 200 12774
"GET /static/your_stylesheet.css HTTP/1.1" 404 1917
"GET /hotelobsidian/admin/roominformation/ HTTP/1.1" 200 24299
"POST /hotelobsidian/admin/roominformation/update/ HTTP/1.1" 200 73332
"GET /hotelobsidian/admin/roominformation/ HTTP/1.1" 200 24299
"GET /hotelobsidian/admin/ HTTP/1.1" 200 12774
"GET /static/your_stylesheet.css HTTP/1.1" 404 1917
"GET /hotelobsidian/admin/branchinformation HTTP/1.1" 301 0
"GET /hotelobsidian/admin/branchinformation/ HTTP/1.1" 200 22006
"POST /hotelobsidian/admin/branchinformation/update/ HTTP/1.1" 200 28037
"GET /hotelobsidian/admin/branchinformation/ HTTP/1.1" 200 22006
"GET /hotelobsidian/admin/ HTTP/1.1" 200 12774
"GET /static/your_stylesheet.css HTTP/1.1" 404 1917
"GET /hotelobsidian/admin/roominformation/ HTTP/1.1" 200 24299
"POST /hotelobsidian/admin/roominformation/update/ HTTP/1.1" 200 73332
"POST /hotelobsidian/admin/roominformation/update/ HTTP/1.1" 200 73234
D:\HotelManagementSystem-Django\HMS\hotelobsidian\urls.py changed, reloading.
Watching for file changes with StatReloader
D:\HotelManagementSystem-Django\HMS\hotelobsidian\urls.py changed, reloading.
Watching for file changes with StatReloader
D:\HotelManagementSystem-Django\HMS\hotelobsidian\urls.py changed, reloading.
Watching for file changes with StatReloader
D:\HotelManagementSystem-Django\HMS\hotelobsidian\urls.py changed, reloading.
Watching for file changes with StatReloader
D:\HotelManagementSystem-Django\HMS\hotelobsidian\roominformationviews.py changed, reloading.
Watching for file changes with StatReloader
D:\HotelManagementSystem-Django\HMS\hotelobsidian\roominformationviews.py changed, reloading.
Watching for file changes with StatReloader
D:\HotelManagementSystem-Django\HMS\hotelobsidian\roominformationviews.py changed, reloading.
Watching for file changes with StatReloader
D:\HotelManagementSystem-Django\HMS\hotelobsidian\roominformationviews.py changed, reloading.
Watching for file changes with StatReloader
D:\HotelManagementSystem-Django\HMS\hotelobsidian\roomviews.py changed, reloading.
Watching for file changes with StatReloader
D:\HotelManagementSystem-Django\HMS\hotelobsidian\roomviews.py changed, reloading.
Watching for file changes with StatReloader
D:\HotelManagementSystem-Django\HMS\hotelobsidian\roominformationviews.py changed, reloading.
Watching for file changes with StatReloader
D:\HotelManagementSystem-Django\HMS\hotelobsidian\roominformationviews.py changed, reloading.
Watching for file changes with StatReloader
D:\HotelManagementSystem-Django\HMS\hotelobsidian\roominformationviews.py changed, reloading.
Watching for file changes with StatReloader
D:\HotelManagementSystem-Django\HMS\hotelobsidian\roominformationviews.py changed, reloading.
Watching for file changes with StatReloader
D:\HotelManagementSystem-Django\HMS\hotelobsidian\roominformationviews.py changed, reloading.
Watching for file changes with StatReloader
D:\HotelManagementSystem-Django\HMS\hotelobsidian\roominformationviews.py changed, reloading.
Watching for file changes with StatReloader
D:\HotelManagementSystem-Django\HMS\hotelobsidian\roominformationviews.py changed, reloading.
Watching for file changes with StatReloader
D:\HotelManagementSystem-Django\HMS\hotelobsidian\roominformationviews.py changed, reloading.
Watching for file changes with StatReloader
D:\HotelManagementSystem-Django\HMS\hotelobsidian\roominformationviews.py changed, reloading.
Watching for file changes with StatReloader
D:\HotelManagementSystem-Django\HMS\hotelobsidian\roominformationviews.py changed, reloading.
Watching for file changes with StatReloader
D:\HotelManagementSystem-Django\HMS\hotelobsidian\roominformationviews.py changed, reloading.
Watching for file changes with StatReloader
D:\HotelManagementSystem-Django\HMS\hotelobsidian\roominformationviews.py changed, reloading.
Watching for file changes with StatReloader
D:\HotelManagementSystem-Django\HMS\hotelobsidian\roominformationviews.py changed, reloading.
Watching for file changes with StatReloader
D:\HotelManagementSystem-Django\HMS\hotelobsidian\roominformationviews.py changed, reloading.
Watching for file changes with StatReloader
D:\HotelManagementSystem-Django\HMS\hotelobsidian\roominformationviews.py changed, reloading.
Watching for file changes with StatReloader
D:\HotelManagementSystem-Django\HMS\hotelobsidian\roominformationviews.py changed, reloading.
Watching for file changes with StatReloader
D:\HotelManagementSystem-Django\HMS\hotelobsidian\roominformationviews.py changed, reloading.
Watching for file changes with StatReloader
D:\HotelManagementSystem-Django\HMS\hotelobsidian\roominformationviews.py changed, reloading.
Watching for file changes with StatReloader
D:\HotelManagementSystem-Django\HMS\hotelobsidian\roominformationviews.py changed, reloading.
Watching for file changes with StatReloader
D:\HotelManagementSystem-Django\HMS\hotelobsidian\roominformationviews.py changed, reloading.
Watching for file changes with StatReloader
D:\HotelManagementSystem-Django\HMS\hotelobsidian\roominformationviews.py changed, reloading.
Watching for file changes with StatReloader
D:\HotelManagementSystem-Django\HMS\hotelobsidian\roominformationviews.py changed, reloading.
Watching for file changes with StatReloader
D:\HotelManagementSystem-Django\HMS\hotelobsidian\roominformationviews.py changed, reloading.
Watching for file changes with StatReloader
D:\HotelManagementSystem-Django\HMS\hotelobsidian\roominformationviews.py changed, reloading.
Watching for file changes with StatReloader
D:\HotelManagementSystem-Django\HMS\hotelobsidian\roominformationviews.py changed, reloading.
Watching for file changes with StatReloader
D:\HotelManagementSystem-Django\HMS\hotelobsidian\roominformationviews.py changed, reloading.
Watching for file changes with StatReloader
D:\HotelManagementSystem-Django\HMS\hotelobsidian\roominformationviews.py changed, reloading.
Watching for file changes with StatReloader
D:\HotelManagementSystem-Django\HMS\hotelobsidian\roominformationviews.py changed, reloading.
Watching for file changes with StatReloader
D:\HotelManagementSystem-Django\HMS\hotelobsidian\roominformationviews.py changed, reloading.
Watching for file changes with StatReloader
D:\HotelManagementSystem-Django\HMS\hotelobsidian\roominformationviews.py changed, reloading.
Watching for file changes with StatReloader
D:\HotelManagementSystem-Django\HMS\hotelobsidian\roominformationviews.py changed, reloading.
Watching for file changes with StatReloader
D:\HotelManagementSystem-Django\HMS\hotelobsidian\roominformationviews.py changed, reloading.
Watching for file changes with StatReloader
D:\HotelManagementSystem-Django\HMS\hotelobsidian\roominformationviews.py changed, reloading.
Watching for file changes with StatReloader
"POST /hotelobsidian/admin/roominformation/update/ HTTP/1.1" 200 72960
"POST /hotelobsidian/admin/roominformation/update/ HTTP/1.1" 200 72960
"POST /hotelobsidian/admin/roominformation/update/ HTTP/1.1" 200 72960
"POST /hotelobsidian/update_roominformation/1/ HTTP/1.1" 302 0
"GET /hotelobsidian/admin/roominformation/update/ HTTP/1.1" 200 72960
"POST /hotelobsidian/admin/roominformation/update/ HTTP/1.1" 200 72960
D:\HotelManagementSystem-Django\HMS\hotelobsidian\roominformationviews.py changed, reloading.
Watching for file changes with StatReloader
D:\HotelManagementSystem-Django\HMS\hotelobsidian\roominformationviews.py changed, reloading.
Watching for file changes with StatReloader
"POST /hotelobsidian/admin/roominformation/update/ HTTP/1.1" 200 72960
"POST /hotelobsidian/update_roominformation/1/ HTTP/1.1" 302 0
"GET /hotelobsidian/admin/roominformation/update/ HTTP/1.1" 200 72960
"POST /hotelobsidian/admin/roominformation/update/ HTTP/1.1" 200 72960
Not Found: /favicon.ico
"GET /favicon.ico HTTP/1.1" 404 2448
"POST /hotelobsidian/update_roominformation/1/ HTTP/1.1" 302 0
"GET /hotelobsidian/admin/roominformation/update/ HTTP/1.1" 200 72960
"POST /hotelobsidian/admin/roominformation/update/ HTTP/1.1" 200 72960
Not Found: /favicon.ico
"GET /favicon.ico HTTP/1.1" 404 2448
"POST /hotelobsidian/admin/roominformation/update/ HTTP/1.1" 200 72962
"POST /hotelobsidian/update_roominformation/1/ HTTP/1.1" 302 0
"GET /hotelobsidian/admin/roominformation/update/ HTTP/1.1" 200 72962
D:\HotelManagementSystem-Django\HMS\hotelobsidian\roominformationviews.py changed, reloading.
Watching for file changes with StatReloader
"POST /hotelobsidian/admin/roominformation/update/ HTTP/1.1" 200 73174
"POST /hotelobsidian/admin/roominformation/update/ HTTP/1.1" 200 72962
"POST /hotelobsidian/admin/roominformation/update/ HTTP/1.1" 200 73261
"POST /hotelobsidian/update_roominformation/1/ HTTP/1.1" 302 0
"GET /hotelobsidian/admin/roominformation/update/ HTTP/1.1" 200 73261
"POST /hotelobsidian/admin/roominformation/update/ HTTP/1.1" 200 73261
"POST /hotelobsidian/update_roominformation/1/ HTTP/1.1" 302 0
"GET /hotelobsidian/admin/roominformation/update/ HTTP/1.1" 200 73264
"DELETE /hotelobsidian/delete_roominformation/46/ HTTP/1.1" 302 0
"DELETE /hotelobsidian/admin/roominformation/update/ HTTP/1.1" 200 72381
"POST /hotelobsidian/admin/roominformation/update/ HTTP/1.1" 200 72259
"DELETE /hotelobsidian/delete_roominformation/45/ HTTP/1.1" 302 0
"DELETE /hotelobsidian/admin/roominformation/update/ HTTP/1.1" 200 71311
"POST /hotelobsidian/admin/roominformation/update/ HTTP/1.1" 200 71189
"POST /hotelobsidian/admin/roominformation/update/ HTTP/1.1" 200 71189
"DELETE /hotelobsidian/delete_roominformation/44/ HTTP/1.1" 302 0
"DELETE /hotelobsidian/admin/roominformation/update/ HTTP/1.1" 200 70307
"POST /hotelobsidian/admin/roominformation/update/ HTTP/1.1" 200 70183
"POST /hotelobsidian/admin/roominformation/new_update/ HTTP/1.1" 200 41020
"POST /hotelobsidian/admin/roominformation/new_update/ HTTP/1.1" 200 41020
"POST /hotelobsidian/admin/roominformation/new_update/ HTTP/1.1" 200 41020
"POST /hotelobsidian/admin/roominformation/new_update/ HTTP/1.1" 200 41017
"POST /hotelobsidian/admin/roominformation/new_update/ HTTP/1.1" 200 52097
"GET /hotelobsidian/admin/roominformation/ HTTP/1.1" 200 24162
"POST /hotelobsidian/admin/roominformation/add/ HTTP/1.1" 200 27212
"GET /hotelobsidian/admin/roominformation/add_new/ HTTP/1.1" 200 121
"POST /hotelobsidian/admin/roominformation/add_new_information/7/ HTTP/1.1" 200 108
"GET /hotelobsidian/admin/roominformation/enter_data/?room_type_id=7&room_number=23&location=Karachi HTTP/1.1" 200 17
"GET /hotelobsidian/admin/roominformation/ HTTP/1.1" 200 24290
"GET /hotelobsidian/admin/roominformation/ HTTP/1.1" 200 24960
"POST /hotelobsidian/admin/roominformation/update/ HTTP/1.1" 200 71982
"DELETE /hotelobsidian/delete_roominformation/1/ HTTP/1.1" 302 0
"DELETE /hotelobsidian/admin/roominformation/update/ HTTP/1.1" 200 71230
"POST /hotelobsidian/admin/roominformation/update/ HTTP/1.1" 200 70979
"GET /hotelobsidian/admin/roominformation/ HTTP/1.1" 200 24960
"POST /hotelobsidian/admin/roominformation/add/ HTTP/1.1" 200 28010
"GET /hotelobsidian/admin/roominformation/add_new/ HTTP/1.1" 200 121
"POST /hotelobsidian/admin/roominformation/add_new_information/1/ HTTP/1.1" 200 109
Bad Request: /hotelobsidian/admin/roominformation/enter_data/
"GET /hotelobsidian/admin/roominformation/enter_data/?room_type_id=1&room_number=1&location=Lahore HTTP/1.1" 400 68
"GET /hotelobsidian/admin/roominformation/ HTTP/1.1" 200 25242
"POST /hotelobsidian/admin/roominformation/add/ HTTP/1.1" 200 27997
"GET /hotelobsidian/admin/roominformation/add_new/ HTTP/1.1" 200 121
"POST /hotelobsidian/admin/roominformation/add_new_information/1/ HTTP/1.1" 200 109
Bad Request: /hotelobsidian/admin/roominformation/enter_data/
"GET /hotelobsidian/admin/roominformation/enter_data/?room_type_id=1&room_number=1&location=Lahore HTTP/1.1" 400 68
"GET /hotelobsidian/admin/roominformation/ HTTP/1.1" 200 24947
"POST /hotelobsidian/admin/roominformation/add/ HTTP/1.1" 200 27997
"GET /hotelobsidian/admin/roominformation/add_new/ HTTP/1.1" 200 121
"POST /hotelobsidian/admin/roominformation/add/ HTTP/1.1" 200 28392
"GET /hotelobsidian/admin/roominformation/add_new/ HTTP/1.1" 200 121
"POST /hotelobsidian/admin/roominformation/add_new_information/1/ HTTP/1.1" 200 109
Bad Request: /hotelobsidian/admin/roominformation/enter_data/
"GET /hotelobsidian/admin/roominformation/enter_data/?room_type_id=1&room_number=1&location=Lahore HTTP/1.1" 400 68
"POST /hotelobsidian/admin/roominformation/add/ HTTP/1.1" 200 28670
"GET /hotelobsidian/admin/roominformation/add_new/ HTTP/1.1" 200 121
"POST /hotelobsidian/admin/roominformation/add_new_information/3/ HTTP/1.1" 200 109
"GET /hotelobsidian/admin/roominformation/enter_data/?room_type_id=3&room_number=23&location=Lahore HTTP/1.1" 200 17
"POST /hotelobsidian/admin/roominformation/add/ HTTP/1.1" 200 28646
"GET /hotelobsidian/admin/roominformation/add_new/ HTTP/1.1" 200 121
"POST /hotelobsidian/admin/roominformation/add/ HTTP/1.1" 200 28209
"GET /hotelobsidian/admin/roominformation/add_new/ HTTP/1.1" 200 121
"POST /hotelobsidian/admin/roominformation/add_new_information/3/ HTTP/1.1" 200 109
Bad Request: /hotelobsidian/admin/roominformation/enter_data/
"GET /hotelobsidian/admin/roominformation/enter_data/?room_type_id=3&room_number=20&location=Lahore HTTP/1.1" 400 68
"POST /hotelobsidian/admin/roominformation/add/ HTTP/1.1" 200 28754
"GET /hotelobsidian/admin/roominformation/add_new/ HTTP/1.1" 200 121
"POST /hotelobsidian/admin/roominformation/add_new_information/8/ HTTP/1.1" 200 108
"GET /hotelobsidian/admin/roominformation/enter_data/?room_type_id=8&room_number=20&location=Lahore HTTP/1.1" 200 17
"POST /hotelobsidian/admin/roominformation/add/ HTTP/1.1" 200 28730
"GET /hotelobsidian/admin/roominformation/add_new/ HTTP/1.1" 200 121
"GET /hotelobsidian/admin/roominformation/ HTTP/1.1" 200 25138
"POST /hotelobsidian/admin/roominformation/add/ HTTP/1.1" 200 28209
"GET /hotelobsidian/admin/roominformation/add_new/ HTTP/1.1" 200 121
"POST /hotelobsidian/admin/roominformation/add_new_information/6/ HTTP/1.1" 200 108
"GET /hotelobsidian/admin/roominformation/enter_data/?room_type_id=6&room_number=10000&location=Lahore HTTP/1.1" 200 17
"POST /hotelobsidian/admin/roominformation/add/ HTTP/1.1" 200 28730
"GET /hotelobsidian/admin/roominformation/add_new/ HTTP/1.1" 200 121
"POST /hotelobsidian/admin/roominformation/add/ HTTP/1.1" 200 28209
"GET /hotelobsidian/admin/roominformation/add_new/ HTTP/1.1" 200 121
"POST /hotelobsidian/admin/roominformation/add_new_information/3/ HTTP/1.1" 200 109
"GET /hotelobsidian/admin/roominformation/enter_data/?room_type_id=3&room_number=555&location=Lahore HTTP/1.1" 200 17
"POST /hotelobsidian/admin/roominformation/add/ HTTP/1.1" 200 28730
"GET /hotelobsidian/admin/roominformation/add_new/ HTTP/1.1" 200 121
"GET /hotelobsidian/admin/roominformation/ HTTP/1.1" 200 25138
"GET /hotelobsidian/admin/ HTTP/1.1" 200 12774
"GET /static/your_stylesheet.css HTTP/1.1" 404 1917
"GET /hotelobsidian/admin/customerinformation HTTP/1.1" 301 0
"GET /hotelobsidian/admin/customerinformation/ HTTP/1.1" 200 23135
"GET /hotelobsidian/admin/branchinformation/ HTTP/1.1" 200 22006
"POST /hotelobsidian/admin/branchinformation/add/ HTTP/1.1" 200 22701
"POST /hotelobsidian/admin/branchinformation/update/ HTTP/1.1" 200 28037
Internal Server Error: /hotelobsidian/admin/branchinformation/new_update/
Traceback (most recent call last):
  File "D:\HotelManagementSystem-Django\venv\Lib\site-packages\django\db\models\fields\__init__.py", line 2053, in get_prep_value
    return int(value)
           ^^^^^^^^^^
ValueError: invalid literal for int() with base 10: 'gnreui'

The above exception was the direct cause of the following exception:

Traceback (most recent call last):
  File "D:\HotelManagementSystem-Django\venv\Lib\site-packages\django\core\handlers\exception.py", line 55, in inner
    response = get_response(request)
               ^^^^^^^^^^^^^^^^^^^^^
  File "D:\HotelManagementSystem-Django\venv\Lib\site-packages\django\core\handlers\base.py", line 197, in _get_response
    response = wrapped_callback(request, *callback_args, **callback_kwargs)
               ^^^^^^^^^^^^^^^^^^^^^^^^^^^^^^^^^^^^^^^^^^^^^^^^^^^^^^^^^^^^
  File "D:\HotelManagementSystem-Django\HMS\hotelobsidian\branchviews.py", line 38, in branchinformation_update
    results = Hotel.objects.filter(branch_id=search_value)
              ^^^^^^^^^^^^^^^^^^^^^^^^^^^^^^^^^^^^^^^^^^^^
  File "D:\HotelManagementSystem-Django\venv\Lib\site-packages\django\db\models\manager.py", line 87, in manager_method
    return getattr(self.get_queryset(), name)(*args, **kwargs)
           ^^^^^^^^^^^^^^^^^^^^^^^^^^^^^^^^^^^^^^^^^^^^^^^^^^^
  File "D:\HotelManagementSystem-Django\venv\Lib\site-packages\django\db\models\query.py", line 1436, in filter
    return self._filter_or_exclude(False, args, kwargs)
           ^^^^^^^^^^^^^^^^^^^^^^^^^^^^^^^^^^^^^^^^^^^^
  File "D:\HotelManagementSystem-Django\venv\Lib\site-packages\django\db\models\query.py", line 1454, in _filter_or_exclude
    clone._filter_or_exclude_inplace(negate, args, kwargs)
  File "D:\HotelManagementSystem-Django\venv\Lib\site-packages\django\db\models\query.py", line 1461, in _filter_or_exclude_inplace
    self._query.add_q(Q(*args, **kwargs))
  File "D:\HotelManagementSystem-Django\venv\Lib\site-packages\django\db\models\sql\query.py", line 1545, in add_q
    clause, _ = self._add_q(q_object, self.used_aliases)
                ^^^^^^^^^^^^^^^^^^^^^^^^^^^^^^^^^^^^^^^^
  File "D:\HotelManagementSystem-Django\venv\Lib\site-packages\django\db\models\sql\query.py", line 1576, in _add_q
    child_clause, needed_inner = self.build_filter(
                                 ^^^^^^^^^^^^^^^^^^
  File "D:\HotelManagementSystem-Django\venv\Lib\site-packages\django\db\models\sql\query.py", line 1491, in build_filter
    condition = self.build_lookup(lookups, col, value)
                ^^^^^^^^^^^^^^^^^^^^^^^^^^^^^^^^^^^^^^
  File "D:\HotelManagementSystem-Django\venv\Lib\site-packages\django\db\models\sql\query.py", line 1318, in build_lookup
    lookup = lookup_class(lhs, rhs)
             ^^^^^^^^^^^^^^^^^^^^^^
  File "D:\HotelManagementSystem-Django\venv\Lib\site-packages\django\db\models\lookups.py", line 27, in __init__
    self.rhs = self.get_prep_lookup()
               ^^^^^^^^^^^^^^^^^^^^^^
  File "D:\HotelManagementSystem-Django\venv\Lib\site-packages\django\db\models\lookups.py", line 341, in get_prep_lookup
    return super().get_prep_lookup()
           ^^^^^^^^^^^^^^^^^^^^^^^^^
  File "D:\HotelManagementSystem-Django\venv\Lib\site-packages\django\db\models\lookups.py", line 85, in get_prep_lookup
    return self.lhs.output_field.get_prep_value(self.rhs)
           ^^^^^^^^^^^^^^^^^^^^^^^^^^^^^^^^^^^^^^^^^^^^^^
  File "D:\HotelManagementSystem-Django\venv\Lib\site-packages\django\db\models\fields\__init__.py", line 2055, in get_prep_value
    raise e.__class__(
ValueError: Field 'branch_id' expected a number but got 'gnreui'.
"POST /hotelobsidian/admin/branchinformation/new_update/ HTTP/1.1" 500 131388
D:\HotelManagementSystem-Django\HMS\hotelobsidian\branchviews.py changed, reloading.
Watching for file changes with StatReloader
D:\HotelManagementSystem-Django\HMS\hotelobsidian\branchviews.py changed, reloading.
Watching for file changes with StatReloader
D:\HotelManagementSystem-Django\HMS\hotelobsidian\branchviews.py changed, reloading.
Watching for file changes with StatReloader
D:\HotelManagementSystem-Django\HMS\hotelobsidian\branchviews.py changed, reloading.
Watching for file changes with StatReloader
D:\HotelManagementSystem-Django\HMS\hotelobsidian\branchviews.py changed, reloading.
Watching for file changes with StatReloader
D:\HotelManagementSystem-Django\HMS\hotelobsidian\branchviews.py changed, reloading.
Watching for file changes with StatReloader
D:\HotelManagementSystem-Django\HMS\hotelobsidian\branchviews.py changed, reloading.
Watching for file changes with StatReloader
"POST /hotelobsidian/admin/branchinformation/update/ HTTP/1.1" 200 28037
"POST /hotelobsidian/admin/branchinformation/new_update/ HTTP/1.1" 200 23768
"POST /hotelobsidian/admin/branchinformation/new_update/ HTTP/1.1" 200 28059
"POST /hotelobsidian/admin/branchinformation/new_update/ HTTP/1.1" 200 25101
"GET /hotelobsidian/admin/branchinformation/ HTTP/1.1" 200 22006
"GET /hotelobsidian/admin/ HTTP/1.1" 200 12774
"GET /static/your_stylesheet.css HTTP/1.1" 404 1917
"GET /hotelobsidian/admin/roomtype HTTP/1.1" 301 0
"GET /hotelobsidian/admin/roomtype/ HTTP/1.1" 200 21804
"POST /hotelobsidian/admin/roomtype/update/ HTTP/1.1" 200 37559
"GET /static/d21.jpeg HTTP/1.1" 200 7787
"GET /static/d2.jpeg HTTP/1.1" 200 5703
"GET /static/s1.jpeg HTTP/1.1" 200 8051
"GET /static/d1.jpeg HTTP/1.1" 200 6949
"GET /static/d3.jpeg HTTP/1.1" 200 7253
"GET /static/s2.jpeg HTTP/1.1" 200 9370
"GET /static/d4.jpeg HTTP/1.1" 200 7505
"GET /static/s21.jpeg HTTP/1.1" 200 7057
"GET /static/s3.jpeg HTTP/1.1" 200 8234
"GET /static/s4.jpeg HTTP/1.1" 200 7126
Internal Server Error: /hotelobsidian/admin/roomtype/new_update/
Traceback (most recent call last):
  File "D:\HotelManagementSystem-Django\venv\Lib\site-packages\django\db\models\fields\__init__.py", line 2053, in get_prep_value
    return int(value)
           ^^^^^^^^^^
ValueError: invalid literal for int() with base 10: 'wniegww'

The above exception was the direct cause of the following exception:

Traceback (most recent call last):
  File "D:\HotelManagementSystem-Django\venv\Lib\site-packages\django\core\handlers\exception.py", line 55, in inner
    response = get_response(request)
               ^^^^^^^^^^^^^^^^^^^^^
  File "D:\HotelManagementSystem-Django\venv\Lib\site-packages\django\core\handlers\base.py", line 197, in _get_response
    response = wrapped_callback(request, *callback_args, **callback_kwargs)
               ^^^^^^^^^^^^^^^^^^^^^^^^^^^^^^^^^^^^^^^^^^^^^^^^^^^^^^^^^^^^
  File "D:\HotelManagementSystem-Django\HMS\hotelobsidian\roomviews.py", line 38, in roomtype_update
    results = Roomtype.objects.filter(roomtype_id=search_value)
              ^^^^^^^^^^^^^^^^^^^^^^^^^^^^^^^^^^^^^^^^^^^^^^^^^
  File "D:\HotelManagementSystem-Django\venv\Lib\site-packages\django\db\models\manager.py", line 87, in manager_method
    return getattr(self.get_queryset(), name)(*args, **kwargs)
           ^^^^^^^^^^^^^^^^^^^^^^^^^^^^^^^^^^^^^^^^^^^^^^^^^^^
  File "D:\HotelManagementSystem-Django\venv\Lib\site-packages\django\db\models\query.py", line 1436, in filter
    return self._filter_or_exclude(False, args, kwargs)
           ^^^^^^^^^^^^^^^^^^^^^^^^^^^^^^^^^^^^^^^^^^^^
  File "D:\HotelManagementSystem-Django\venv\Lib\site-packages\django\db\models\query.py", line 1454, in _filter_or_exclude
    clone._filter_or_exclude_inplace(negate, args, kwargs)
  File "D:\HotelManagementSystem-Django\venv\Lib\site-packages\django\db\models\query.py", line 1461, in _filter_or_exclude_inplace
    self._query.add_q(Q(*args, **kwargs))
  File "D:\HotelManagementSystem-Django\venv\Lib\site-packages\django\db\models\sql\query.py", line 1545, in add_q
    clause, _ = self._add_q(q_object, self.used_aliases)
                ^^^^^^^^^^^^^^^^^^^^^^^^^^^^^^^^^^^^^^^^
  File "D:\HotelManagementSystem-Django\venv\Lib\site-packages\django\db\models\sql\query.py", line 1576, in _add_q
    child_clause, needed_inner = self.build_filter(
                                 ^^^^^^^^^^^^^^^^^^
  File "D:\HotelManagementSystem-Django\venv\Lib\site-packages\django\db\models\sql\query.py", line 1491, in build_filter
    condition = self.build_lookup(lookups, col, value)
                ^^^^^^^^^^^^^^^^^^^^^^^^^^^^^^^^^^^^^^
  File "D:\HotelManagementSystem-Django\venv\Lib\site-packages\django\db\models\sql\query.py", line 1318, in build_lookup
    lookup = lookup_class(lhs, rhs)
             ^^^^^^^^^^^^^^^^^^^^^^
  File "D:\HotelManagementSystem-Django\venv\Lib\site-packages\django\db\models\lookups.py", line 27, in __init__
    self.rhs = self.get_prep_lookup()
               ^^^^^^^^^^^^^^^^^^^^^^
  File "D:\HotelManagementSystem-Django\venv\Lib\site-packages\django\db\models\lookups.py", line 341, in get_prep_lookup
    return super().get_prep_lookup()
           ^^^^^^^^^^^^^^^^^^^^^^^^^
  File "D:\HotelManagementSystem-Django\venv\Lib\site-packages\django\db\models\lookups.py", line 85, in get_prep_lookup
    return self.lhs.output_field.get_prep_value(self.rhs)
           ^^^^^^^^^^^^^^^^^^^^^^^^^^^^^^^^^^^^^^^^^^^^^^
  File "D:\HotelManagementSystem-Django\venv\Lib\site-packages\django\db\models\fields\__init__.py", line 2055, in get_prep_value
    raise e.__class__(
ValueError: Field 'roomtype_id' expected a number but got 'wniegww'.
"POST /hotelobsidian/admin/roomtype/new_update/ HTTP/1.1" 500 132381
D:\HotelManagementSystem-Django\HMS\hotelobsidian\roomviews.py changed, reloading.
Watching for file changes with StatReloader
D:\HotelManagementSystem-Django\HMS\hotelobsidian\roomviews.py changed, reloading.
Watching for file changes with StatReloader
D:\HotelManagementSystem-Django\HMS\hotelobsidian\roomviews.py changed, reloading.
Watching for file changes with StatReloader
D:\HotelManagementSystem-Django\HMS\hotelobsidian\roomviews.py changed, reloading.
Watching for file changes with StatReloader
D:\HotelManagementSystem-Django\HMS\hotelobsidian\roomviews.py changed, reloading.
Watching for file changes with StatReloader
"POST /hotelobsidian/admin/roomtype/update/ HTTP/1.1" 200 37559
"POST /hotelobsidian/admin/roomtype/new_update/ HTTP/1.1" 200 26140
"POST /hotelobsidian/admin/roomtype/new_update/ HTTP/1.1" 200 24189
"POST /hotelobsidian/admin/roomtype/new_update/ HTTP/1.1" 200 24189
"POST /hotelobsidian/admin/roomtype/new_update/ HTTP/1.1" 200 24189
"POST /hotelobsidian/admin/roomtype/new_update/ HTTP/1.1" 200 37581
"POST /hotelobsidian/admin/roomtype/new_update/ HTTP/1.1" 200 24189
"POST /hotelobsidian/admin/roomtype/new_update/ HTTP/1.1" 200 31226
Internal Server Error: /hotelobsidian/admin/roomtype/new_update/
Traceback (most recent call last):
  File "D:\HotelManagementSystem-Django\venv\Lib\site-packages\django\db\models\fields\__init__.py", line 2053, in get_prep_value
    return int(value)
           ^^^^^^^^^^
ValueError: invalid literal for int() with base 10: 'erg'

The above exception was the direct cause of the following exception:

Traceback (most recent call last):
  File "D:\HotelManagementSystem-Django\venv\Lib\site-packages\django\core\handlers\exception.py", line 55, in inner
    response = get_response(request)
               ^^^^^^^^^^^^^^^^^^^^^
  File "D:\HotelManagementSystem-Django\venv\Lib\site-packages\django\core\handlers\base.py", line 197, in _get_response
    response = wrapped_callback(request, *callback_args, **callback_kwargs)
               ^^^^^^^^^^^^^^^^^^^^^^^^^^^^^^^^^^^^^^^^^^^^^^^^^^^^^^^^^^^^
  File "D:\HotelManagementSystem-Django\HMS\hotelobsidian\roomviews.py", line 46, in roomtype_update
    results = Roomtype.objects.filter(numberofbeds=search_value)
              ^^^^^^^^^^^^^^^^^^^^^^^^^^^^^^^^^^^^^^^^^^^^^^^^^^
  File "D:\HotelManagementSystem-Django\venv\Lib\site-packages\django\db\models\manager.py", line 87, in manager_method
    return getattr(self.get_queryset(), name)(*args, **kwargs)
           ^^^^^^^^^^^^^^^^^^^^^^^^^^^^^^^^^^^^^^^^^^^^^^^^^^^
  File "D:\HotelManagementSystem-Django\venv\Lib\site-packages\django\db\models\query.py", line 1436, in filter
    return self._filter_or_exclude(False, args, kwargs)
           ^^^^^^^^^^^^^^^^^^^^^^^^^^^^^^^^^^^^^^^^^^^^
  File "D:\HotelManagementSystem-Django\venv\Lib\site-packages\django\db\models\query.py", line 1454, in _filter_or_exclude
    clone._filter_or_exclude_inplace(negate, args, kwargs)
  File "D:\HotelManagementSystem-Django\venv\Lib\site-packages\django\db\models\query.py", line 1461, in _filter_or_exclude_inplace
    self._query.add_q(Q(*args, **kwargs))
  File "D:\HotelManagementSystem-Django\venv\Lib\site-packages\django\db\models\sql\query.py", line 1545, in add_q
    clause, _ = self._add_q(q_object, self.used_aliases)
                ^^^^^^^^^^^^^^^^^^^^^^^^^^^^^^^^^^^^^^^^
  File "D:\HotelManagementSystem-Django\venv\Lib\site-packages\django\db\models\sql\query.py", line 1576, in _add_q
    child_clause, needed_inner = self.build_filter(
                                 ^^^^^^^^^^^^^^^^^^
  File "D:\HotelManagementSystem-Django\venv\Lib\site-packages\django\db\models\sql\query.py", line 1491, in build_filter
    condition = self.build_lookup(lookups, col, value)
                ^^^^^^^^^^^^^^^^^^^^^^^^^^^^^^^^^^^^^^
  File "D:\HotelManagementSystem-Django\venv\Lib\site-packages\django\db\models\sql\query.py", line 1318, in build_lookup
    lookup = lookup_class(lhs, rhs)
             ^^^^^^^^^^^^^^^^^^^^^^
  File "D:\HotelManagementSystem-Django\venv\Lib\site-packages\django\db\models\lookups.py", line 27, in __init__
    self.rhs = self.get_prep_lookup()
               ^^^^^^^^^^^^^^^^^^^^^^
  File "D:\HotelManagementSystem-Django\venv\Lib\site-packages\django\db\models\lookups.py", line 341, in get_prep_lookup
    return super().get_prep_lookup()
           ^^^^^^^^^^^^^^^^^^^^^^^^^
  File "D:\HotelManagementSystem-Django\venv\Lib\site-packages\django\db\models\lookups.py", line 85, in get_prep_lookup
    return self.lhs.output_field.get_prep_value(self.rhs)
           ^^^^^^^^^^^^^^^^^^^^^^^^^^^^^^^^^^^^^^^^^^^^^^
  File "D:\HotelManagementSystem-Django\venv\Lib\site-packages\django\db\models\fields\__init__.py", line 2055, in get_prep_value
    raise e.__class__(
ValueError: Field 'numberofbeds' expected a number but got 'erg'.
"POST /hotelobsidian/admin/roomtype/new_update/ HTTP/1.1" 500 132305
D:\HotelManagementSystem-Django\HMS\hotelobsidian\roomviews.py changed, reloading.
Watching for file changes with StatReloader
D:\HotelManagementSystem-Django\HMS\hotelobsidian\roomviews.py changed, reloading.
Watching for file changes with StatReloader
D:\HotelManagementSystem-Django\HMS\hotelobsidian\roomviews.py changed, reloading.
Watching for file changes with StatReloader
"POST /hotelobsidian/admin/roomtype/new_update/ HTTP/1.1" 200 24189
"POST /hotelobsidian/admin/roomtype/new_update/ HTTP/1.1" 200 24189
Internal Server Error: /hotelobsidian/admin/roomtype/new_update/
Traceback (most recent call last):
  File "D:\HotelManagementSystem-Django\venv\Lib\site-packages\django\db\models\fields\__init__.py", line 2053, in get_prep_value
    return int(value)
           ^^^^^^^^^^
ValueError: invalid literal for int() with base 10: 'fwfew'

The above exception was the direct cause of the following exception:

Traceback (most recent call last):
  File "D:\HotelManagementSystem-Django\venv\Lib\site-packages\django\core\handlers\exception.py", line 55, in inner
    response = get_response(request)
               ^^^^^^^^^^^^^^^^^^^^^
  File "D:\HotelManagementSystem-Django\venv\Lib\site-packages\django\core\handlers\base.py", line 197, in _get_response
    response = wrapped_callback(request, *callback_args, **callback_kwargs)
               ^^^^^^^^^^^^^^^^^^^^^^^^^^^^^^^^^^^^^^^^^^^^^^^^^^^^^^^^^^^^
  File "D:\HotelManagementSystem-Django\HMS\hotelobsidian\roomviews.py", line 52, in roomtype_update
    results = Roomtype.objects.filter(price=search_value)
              ^^^^^^^^^^^^^^^^^^^^^^^^^^^^^^^^^^^^^^^^^^^
  File "D:\HotelManagementSystem-Django\venv\Lib\site-packages\django\db\models\manager.py", line 87, in manager_method
    return getattr(self.get_queryset(), name)(*args, **kwargs)
           ^^^^^^^^^^^^^^^^^^^^^^^^^^^^^^^^^^^^^^^^^^^^^^^^^^^
  File "D:\HotelManagementSystem-Django\venv\Lib\site-packages\django\db\models\query.py", line 1436, in filter
    return self._filter_or_exclude(False, args, kwargs)
           ^^^^^^^^^^^^^^^^^^^^^^^^^^^^^^^^^^^^^^^^^^^^
  File "D:\HotelManagementSystem-Django\venv\Lib\site-packages\django\db\models\query.py", line 1454, in _filter_or_exclude
    clone._filter_or_exclude_inplace(negate, args, kwargs)
  File "D:\HotelManagementSystem-Django\venv\Lib\site-packages\django\db\models\query.py", line 1461, in _filter_or_exclude_inplace
    self._query.add_q(Q(*args, **kwargs))
  File "D:\HotelManagementSystem-Django\venv\Lib\site-packages\django\db\models\sql\query.py", line 1545, in add_q
    clause, _ = self._add_q(q_object, self.used_aliases)
                ^^^^^^^^^^^^^^^^^^^^^^^^^^^^^^^^^^^^^^^^
  File "D:\HotelManagementSystem-Django\venv\Lib\site-packages\django\db\models\sql\query.py", line 1576, in _add_q
    child_clause, needed_inner = self.build_filter(
                                 ^^^^^^^^^^^^^^^^^^
  File "D:\HotelManagementSystem-Django\venv\Lib\site-packages\django\db\models\sql\query.py", line 1491, in build_filter
    condition = self.build_lookup(lookups, col, value)
                ^^^^^^^^^^^^^^^^^^^^^^^^^^^^^^^^^^^^^^
  File "D:\HotelManagementSystem-Django\venv\Lib\site-packages\django\db\models\sql\query.py", line 1318, in build_lookup
    lookup = lookup_class(lhs, rhs)
             ^^^^^^^^^^^^^^^^^^^^^^
  File "D:\HotelManagementSystem-Django\venv\Lib\site-packages\django\db\models\lookups.py", line 27, in __init__
    self.rhs = self.get_prep_lookup()
               ^^^^^^^^^^^^^^^^^^^^^^
  File "D:\HotelManagementSystem-Django\venv\Lib\site-packages\django\db\models\lookups.py", line 341, in get_prep_lookup
    return super().get_prep_lookup()
           ^^^^^^^^^^^^^^^^^^^^^^^^^
  File "D:\HotelManagementSystem-Django\venv\Lib\site-packages\django\db\models\lookups.py", line 85, in get_prep_lookup
    return self.lhs.output_field.get_prep_value(self.rhs)
           ^^^^^^^^^^^^^^^^^^^^^^^^^^^^^^^^^^^^^^^^^^^^^^
  File "D:\HotelManagementSystem-Django\venv\Lib\site-packages\django\db\models\fields\__init__.py", line 2055, in get_prep_value
    raise e.__class__(
ValueError: Field 'price' expected a number but got 'fwfew'.
"POST /hotelobsidian/admin/roomtype/new_update/ HTTP/1.1" 500 132064
D:\HotelManagementSystem-Django\HMS\hotelobsidian\roomviews.py changed, reloading.
Watching for file changes with StatReloader
D:\HotelManagementSystem-Django\HMS\hotelobsidian\roomviews.py changed, reloading.
Watching for file changes with StatReloader
"POST /hotelobsidian/admin/roomtype/new_update/ HTTP/1.1" 200 24189
"POST /hotelobsidian/admin/roomtype/new_update/ HTTP/1.1" 200 26140
D:\HotelManagementSystem-Django\HMS\hotelobsidian\roomviews.py changed, reloading.
Watching for file changes with StatReloader
"GET /hotelobsidian/admin/roomtype/ HTTP/1.1" 200 21804
"GET /hotelobsidian/admin/ HTTP/1.1" 200 12774
"GET /static/your_stylesheet.css HTTP/1.1" 404 1917
"GET /hotelobsidian/admin/roominformation/ HTTP/1.1" 200 25138
"POST /hotelobsidian/admin/roominformation/update/ HTTP/1.1" 200 75175
Internal Server Error: /hotelobsidian/admin/roominformation/new_update/
Traceback (most recent call last):
  File "D:\HotelManagementSystem-Django\venv\Lib\site-packages\django\db\models\fields\__init__.py", line 2053, in get_prep_value
    return int(value)
           ^^^^^^^^^^
ValueError: invalid literal for int() with base 10: 'fwerf'

The above exception was the direct cause of the following exception:

Traceback (most recent call last):
  File "D:\HotelManagementSystem-Django\venv\Lib\site-packages\django\core\handlers\exception.py", line 55, in inner
    response = get_response(request)
               ^^^^^^^^^^^^^^^^^^^^^
  File "D:\HotelManagementSystem-Django\venv\Lib\site-packages\django\core\handlers\base.py", line 197, in _get_response
    response = wrapped_callback(request, *callback_args, **callback_kwargs)
               ^^^^^^^^^^^^^^^^^^^^^^^^^^^^^^^^^^^^^^^^^^^^^^^^^^^^^^^^^^^^
  File "D:\HotelManagementSystem-Django\HMS\hotelobsidian\roominformationviews.py", line 76, in roominformation_update
    results = Room.objects.filter(room_id=search_value)
              ^^^^^^^^^^^^^^^^^^^^^^^^^^^^^^^^^^^^^^^^^
  File "D:\HotelManagementSystem-Django\venv\Lib\site-packages\django\db\models\manager.py", line 87, in manager_method
    return getattr(self.get_queryset(), name)(*args, **kwargs)
           ^^^^^^^^^^^^^^^^^^^^^^^^^^^^^^^^^^^^^^^^^^^^^^^^^^^
  File "D:\HotelManagementSystem-Django\venv\Lib\site-packages\django\db\models\query.py", line 1436, in filter
    return self._filter_or_exclude(False, args, kwargs)
           ^^^^^^^^^^^^^^^^^^^^^^^^^^^^^^^^^^^^^^^^^^^^
  File "D:\HotelManagementSystem-Django\venv\Lib\site-packages\django\db\models\query.py", line 1454, in _filter_or_exclude
    clone._filter_or_exclude_inplace(negate, args, kwargs)
  File "D:\HotelManagementSystem-Django\venv\Lib\site-packages\django\db\models\query.py", line 1461, in _filter_or_exclude_inplace
    self._query.add_q(Q(*args, **kwargs))
  File "D:\HotelManagementSystem-Django\venv\Lib\site-packages\django\db\models\sql\query.py", line 1545, in add_q
    clause, _ = self._add_q(q_object, self.used_aliases)
                ^^^^^^^^^^^^^^^^^^^^^^^^^^^^^^^^^^^^^^^^
  File "D:\HotelManagementSystem-Django\venv\Lib\site-packages\django\db\models\sql\query.py", line 1576, in _add_q
    child_clause, needed_inner = self.build_filter(
                                 ^^^^^^^^^^^^^^^^^^
  File "D:\HotelManagementSystem-Django\venv\Lib\site-packages\django\db\models\sql\query.py", line 1491, in build_filter
    condition = self.build_lookup(lookups, col, value)
                ^^^^^^^^^^^^^^^^^^^^^^^^^^^^^^^^^^^^^^
  File "D:\HotelManagementSystem-Django\venv\Lib\site-packages\django\db\models\sql\query.py", line 1318, in build_lookup
    lookup = lookup_class(lhs, rhs)
             ^^^^^^^^^^^^^^^^^^^^^^
  File "D:\HotelManagementSystem-Django\venv\Lib\site-packages\django\db\models\lookups.py", line 27, in __init__
    self.rhs = self.get_prep_lookup()
               ^^^^^^^^^^^^^^^^^^^^^^
  File "D:\HotelManagementSystem-Django\venv\Lib\site-packages\django\db\models\lookups.py", line 341, in get_prep_lookup
    return super().get_prep_lookup()
           ^^^^^^^^^^^^^^^^^^^^^^^^^
  File "D:\HotelManagementSystem-Django\venv\Lib\site-packages\django\db\models\lookups.py", line 85, in get_prep_lookup
    return self.lhs.output_field.get_prep_value(self.rhs)
           ^^^^^^^^^^^^^^^^^^^^^^^^^^^^^^^^^^^^^^^^^^^^^^
  File "D:\HotelManagementSystem-Django\venv\Lib\site-packages\django\db\models\fields\__init__.py", line 2055, in get_prep_value
    raise e.__class__(
ValueError: Field 'room_id' expected a number but got 'fwerf'.
"POST /hotelobsidian/admin/roominformation/new_update/ HTTP/1.1" 500 133614
Internal Server Error: /hotelobsidian/admin/roominformation/new_update/
Traceback (most recent call last):
  File "D:\HotelManagementSystem-Django\venv\Lib\site-packages\django\db\models\fields\__init__.py", line 2053, in get_prep_value
    return int(value)
           ^^^^^^^^^^
ValueError: invalid literal for int() with base 10: 'rgeger'

The above exception was the direct cause of the following exception:

Traceback (most recent call last):
  File "D:\HotelManagementSystem-Django\venv\Lib\site-packages\django\core\handlers\exception.py", line 55, in inner
    response = get_response(request)
               ^^^^^^^^^^^^^^^^^^^^^
  File "D:\HotelManagementSystem-Django\venv\Lib\site-packages\django\core\handlers\base.py", line 197, in _get_response
    response = wrapped_callback(request, *callback_args, **callback_kwargs)
               ^^^^^^^^^^^^^^^^^^^^^^^^^^^^^^^^^^^^^^^^^^^^^^^^^^^^^^^^^^^^
  File "D:\HotelManagementSystem-Django\HMS\hotelobsidian\roominformationviews.py", line 78, in roominformation_update
    results = Room.objects.filter(roomnumber=search_value)
              ^^^^^^^^^^^^^^^^^^^^^^^^^^^^^^^^^^^^^^^^^^^^
  File "D:\HotelManagementSystem-Django\venv\Lib\site-packages\django\db\models\manager.py", line 87, in manager_method
    return getattr(self.get_queryset(), name)(*args, **kwargs)
           ^^^^^^^^^^^^^^^^^^^^^^^^^^^^^^^^^^^^^^^^^^^^^^^^^^^
  File "D:\HotelManagementSystem-Django\venv\Lib\site-packages\django\db\models\query.py", line 1436, in filter
    return self._filter_or_exclude(False, args, kwargs)
           ^^^^^^^^^^^^^^^^^^^^^^^^^^^^^^^^^^^^^^^^^^^^
  File "D:\HotelManagementSystem-Django\venv\Lib\site-packages\django\db\models\query.py", line 1454, in _filter_or_exclude
    clone._filter_or_exclude_inplace(negate, args, kwargs)
  File "D:\HotelManagementSystem-Django\venv\Lib\site-packages\django\db\models\query.py", line 1461, in _filter_or_exclude_inplace
    self._query.add_q(Q(*args, **kwargs))
  File "D:\HotelManagementSystem-Django\venv\Lib\site-packages\django\db\models\sql\query.py", line 1545, in add_q
    clause, _ = self._add_q(q_object, self.used_aliases)
                ^^^^^^^^^^^^^^^^^^^^^^^^^^^^^^^^^^^^^^^^
  File "D:\HotelManagementSystem-Django\venv\Lib\site-packages\django\db\models\sql\query.py", line 1576, in _add_q
    child_clause, needed_inner = self.build_filter(
                                 ^^^^^^^^^^^^^^^^^^
  File "D:\HotelManagementSystem-Django\venv\Lib\site-packages\django\db\models\sql\query.py", line 1491, in build_filter
    condition = self.build_lookup(lookups, col, value)
                ^^^^^^^^^^^^^^^^^^^^^^^^^^^^^^^^^^^^^^
  File "D:\HotelManagementSystem-Django\venv\Lib\site-packages\django\db\models\sql\query.py", line 1318, in build_lookup
    lookup = lookup_class(lhs, rhs)
             ^^^^^^^^^^^^^^^^^^^^^^
  File "D:\HotelManagementSystem-Django\venv\Lib\site-packages\django\db\models\lookups.py", line 27, in __init__
    self.rhs = self.get_prep_lookup()
               ^^^^^^^^^^^^^^^^^^^^^^
  File "D:\HotelManagementSystem-Django\venv\Lib\site-packages\django\db\models\lookups.py", line 341, in get_prep_lookup
    return super().get_prep_lookup()
           ^^^^^^^^^^^^^^^^^^^^^^^^^
  File "D:\HotelManagementSystem-Django\venv\Lib\site-packages\django\db\models\lookups.py", line 85, in get_prep_lookup
    return self.lhs.output_field.get_prep_value(self.rhs)
           ^^^^^^^^^^^^^^^^^^^^^^^^^^^^^^^^^^^^^^^^^^^^^^
  File "D:\HotelManagementSystem-Django\venv\Lib\site-packages\django\db\models\fields\__init__.py", line 2055, in get_prep_value
    raise e.__class__(
ValueError: Field 'roomnumber' expected a number but got 'rgeger'.
"POST /hotelobsidian/admin/roominformation/new_update/ HTTP/1.1" 500 133855
"POST /hotelobsidian/admin/roominformation/new_update/ HTTP/1.1" 200 27128
"POST /hotelobsidian/admin/roominformation/new_update/ HTTP/1.1" 200 27128
"POST /hotelobsidian/admin/roominformation/new_update/ HTTP/1.1" 200 75175
"POST /hotelobsidian/admin/roominformation/new_update/ HTTP/1.1" 200 27128
D:\HotelManagementSystem-Django\HMS\hotelobsidian\roominformationviews.py changed, reloading.
Watching for file changes with StatReloader
D:\HotelManagementSystem-Django\HMS\hotelobsidian\roominformationviews.py changed, reloading.
Watching for file changes with StatReloader
D:\HotelManagementSystem-Django\HMS\hotelobsidian\roominformationviews.py changed, reloading.
Watching for file changes with StatReloader
"POST /hotelobsidian/admin/roominformation/new_update/ HTTP/1.1" 200 75175
D:\HotelManagementSystem-Django\HMS\hotelobsidian\roominformationviews.py changed, reloading.
Watching for file changes with StatReloader
D:\HotelManagementSystem-Django\HMS\hotelobsidian\roominformationviews.py changed, reloading.
Watching for file changes with StatReloader
D:\HotelManagementSystem-Django\HMS\hotelobsidian\roominformationviews.py changed, reloading.
Watching for file changes with StatReloader
D:\HotelManagementSystem-Django\HMS\hotelobsidian\roominformationviews.py changed, reloading.
Watching for file changes with StatReloader
D:\HotelManagementSystem-Django\HMS\hotelobsidian\roominformationviews.py changed, reloading.
Watching for file changes with StatReloader
D:\HotelManagementSystem-Django\HMS\hotelobsidian\roominformationviews.py changed, reloading.
Watching for file changes with StatReloader
D:\HotelManagementSystem-Django\HMS\hotelobsidian\roominformationviews.py changed, reloading.
Watching for file changes with StatReloader
D:\HotelManagementSystem-Django\HMS\hotelobsidian\roominformationviews.py changed, reloading.
Watching for file changes with StatReloader
D:\HotelManagementSystem-Django\HMS\hotelobsidian\roominformationviews.py changed, reloading.
Watching for file changes with StatReloader
"POST /hotelobsidian/admin/roominformation/new_update/ HTTP/1.1" 200 75175
"GET /hotelobsidian/admin/roominformation/ HTTP/1.1" 200 25138
"POST /hotelobsidian/admin/roominformation/add/ HTTP/1.1" 200 28209
"GET /hotelobsidian/admin/roominformation/add_new/ HTTP/1.1" 200 121
"POST /hotelobsidian/admin/roominformation/add_new_information/1/ HTTP/1.1" 200 109
Internal Server Error: /hotelobsidian/admin/roominformation/enter_data/
"GET /hotelobsidian/admin/roominformation/enter_data/?room_type_id=1&room_number=1000&location=Lahore HTTP/1.1" 500 152
"POST /hotelobsidian/admin/roominformation/add/ HTTP/1.1" 200 28855
"GET /hotelobsidian/admin/roominformation/add_new/ HTTP/1.1" 200 121
D:\HotelManagementSystem-Django\HMS\hotelobsidian\roominformationviews.py changed, reloading.
Watching for file changes with StatReloader
D:\HotelManagementSystem-Django\HMS\hotelobsidian\roominformationviews.py changed, reloading.
Watching for file changes with StatReloader
D:\HotelManagementSystem-Django\HMS\hotelobsidian\roominformationviews.py changed, reloading.
Watching for file changes with StatReloader
D:\HotelManagementSystem-Django\HMS\hotelobsidian\roominformationviews.py changed, reloading.
Watching for file changes with StatReloader
D:\HotelManagementSystem-Django\HMS\hotelobsidian\roominformationviews.py changed, reloading.
Watching for file changes with StatReloader
D:\HotelManagementSystem-Django\HMS\hotelobsidian\roominformationviews.py changed, reloading.
Watching for file changes with StatReloader
D:\HotelManagementSystem-Django\HMS\hotelobsidian\roominformationviews.py changed, reloading.
Watching for file changes with StatReloader
D:\HotelManagementSystem-Django\HMS\hotelobsidian\roominformationviews.py changed, reloading.
Watching for file changes with StatReloader
D:\HotelManagementSystem-Django\HMS\hotelobsidian\models.py changed, reloading.
Watching for file changes with StatReloader
"POST /hotelobsidian/admin/roominformation/add_new_information/1/ HTTP/1.1" 200 109
"GET /hotelobsidian/admin/roominformation/enter_data/?room_type_id=1&room_number=1&location=Lahore HTTP/1.1" 200 17
"POST /hotelobsidian/admin/roominformation/add/ HTTP/1.1" 200 28730
"GET /hotelobsidian/admin/roominformation/add_new/ HTTP/1.1" 200 121
"POST /hotelobsidian/admin/roominformation/add_new_information/1/ HTTP/1.1" 200 109
Bad Request: /hotelobsidian/admin/roominformation/enter_data/
"GET /hotelobsidian/admin/roominformation/enter_data/?room_type_id=1&room_number=1&location=Lahore HTTP/1.1" 400 85
"POST /hotelobsidian/admin/roominformation/add/ HTTP/1.1" 200 28771
"GET /hotelobsidian/admin/roominformation/add_new/ HTTP/1.1" 200 121
"POST /hotelobsidian/admin/roominformation/add_new_information/1/ HTTP/1.1" 200 109
Bad Request: /hotelobsidian/admin/roominformation/enter_data/
"GET /hotelobsidian/admin/roominformation/enter_data/?room_type_id=1&room_number=1&location=Karachi HTTP/1.1" 400 85
"POST /hotelobsidian/admin/roominformation/add/ HTTP/1.1" 200 28771
"GET /hotelobsidian/admin/roominformation/add_new/ HTTP/1.1" 200 121
"POST /hotelobsidian/admin/roominformation/add_new_information/1/ HTTP/1.1" 200 109
"GET /hotelobsidian/admin/roominformation/enter_data/?room_type_id=1&room_number=1&location=Peshawar HTTP/1.1" 200 17
"POST /hotelobsidian/admin/roominformation/add/ HTTP/1.1" 200 28730
"GET /hotelobsidian/admin/roominformation/add_new/ HTTP/1.1" 200 121
D:\HotelManagementSystem-Django\HMS\hotelobsidian\models.py changed, reloading.
Watching for file changes with StatReloader
"GET /hotelobsidian/admin/roominformation/ HTTP/1.1" 200 25138
"GET /hotelobsidian/admin/ HTTP/1.1" 200 12774
"GET /static/your_stylesheet.css HTTP/1.1" 404 1917
"GET /hotelobsidian/admin/payments HTTP/1.1" 301 0
"GET /hotelobsidian/admin/payments/ HTTP/1.1" 200 21630
"GET /hotelobsidian/admin/billdetails/1/ HTTP/1.1" 200 15089
"GET /hotelobsidian/admin/billdetails/2/ HTTP/1.1" 200 14409
D:\HotelManagementSystem-Django\HMS\hotelobsidian\roominformationviews.py changed, reloading.
Watching for file changes with StatReloader
D:\HotelManagementSystem-Django\HMS\hotelobsidian\roominformationviews.py changed, reloading.
Watching for file changes with StatReloader
D:\HotelManagementSystem-Django\HMS\hotelobsidian\roominformationviews.py changed, reloading.
Watching for file changes with StatReloader
D:\HotelManagementSystem-Django\HMS\hotelobsidian\roominformationviews.py changed, reloading.
Watching for file changes with StatReloader
D:\HotelManagementSystem-Django\HMS\hotelobsidian\roominformationviews.py changed, reloading.
Watching for file changes with StatReloader
D:\HotelManagementSystem-Django\HMS\hotelobsidian\roominformationviews.py changed, reloading.
Watching for file changes with StatReloader
D:\HotelManagementSystem-Django\HMS\hotelobsidian\roominformationviews.py changed, reloading.
Watching for file changes with StatReloader
"GET /hotelobsidian/admin/ HTTP/1.1" 200 12774
"GET /static/your_stylesheet.css HTTP/1.1" 404 1917
"GET /hotelobsidian/admin/roominformation/ HTTP/1.1" 200 25138
"GET /hotelobsidian/admin/roominformation/ HTTP/1.1" 200 25138
"POST /hotelobsidian/admin/roominformation/update/ HTTP/1.1" 200 77183
D:\HotelManagementSystem-Django\HMS\hotelobsidian\roominformationviews.py changed, reloading.
Watching for file changes with StatReloader
D:\HotelManagementSystem-Django\HMS\hotelobsidian\roominformationviews.py changed, reloading.
Watching for file changes with StatReloader
D:\HotelManagementSystem-Django\HMS\hotelobsidian\roominformationviews.py changed, reloading.
Watching for file changes with StatReloader
D:\HotelManagementSystem-Django\HMS\hotelobsidian\roominformationviews.py changed, reloading.
Watching for file changes with StatReloader
D:\HotelManagementSystem-Django\HMS\hotelobsidian\roominformationviews.py changed, reloading.
Watching for file changes with StatReloader
D:\HotelManagementSystem-Django\HMS\hotelobsidian\roominformationviews.py changed, reloading.
Watching for file changes with StatReloader
D:\HotelManagementSystem-Django\HMS\hotelobsidian\roominformationviews.py changed, reloading.
Watching for file changes with StatReloader
"DELETE /hotelobsidian/delete_roominformation/53/ HTTP/1.1" 302 0
"DELETE /hotelobsidian/admin/roominformation/update/ HTTP/1.1" 200 76178
"POST /hotelobsidian/admin/roominformation/update/ HTTP/1.1" 200 76178
D:\HotelManagementSystem-Django\HMS\hotelobsidian\roominformationviews.py changed, reloading.
Watching for file changes with StatReloader
"DELETE /hotelobsidian/delete_roominformation/51/ HTTP/1.1" 302 0
"DELETE /hotelobsidian/admin/roominformation/update/ HTTP/1.1" 200 75173
"POST /hotelobsidian/admin/roominformation/update/ HTTP/1.1" 200 75173
D:\HotelManagementSystem-Django\HMS\hotelobsidian\roominformationviews.py changed, reloading.
Watching for file changes with StatReloader
"POST /hotelobsidian/admin/roominformation/update/ HTTP/1.1" 200 75173
"DELETE /hotelobsidian/delete_roominformation/52/ HTTP/1.1" 302 0
"DELETE /hotelobsidian/admin/roominformation/update/ HTTP/1.1" 200 74170
"POST /hotelobsidian/admin/roominformation/update/ HTTP/1.1" 200 74170
D:\HotelManagementSystem-Django\HMS\hotelobsidian\roominformationviews.py changed, reloading.
Watching for file changes with StatReloader
D:\HotelManagementSystem-Django\HMS\hotelobsidian\roominformationviews.py changed, reloading.
Watching for file changes with StatReloader
D:\HotelManagementSystem-Django\HMS\hotelobsidian\roominformationviews.py changed, reloading.
Watching for file changes with StatReloader
D:\HotelManagementSystem-Django\HMS\hotelobsidian\roominformationviews.py changed, reloading.
Watching for file changes with StatReloader
"POST /hotelobsidian/admin/roominformation/update/ HTTP/1.1" 200 74170
Internal Server Error: /hotelobsidian/delete_roominformation/50/
Traceback (most recent call last):
  File "D:\HotelManagementSystem-Django\venv\Lib\site-packages\django\db\backends\utils.py", line 61, in callproc
    return self.cursor.callproc(procname, params)
           ^^^^^^^^^^^^^^^^^^^^^^^^^^^^^^^^^^^^^^
  File "D:\HotelManagementSystem-Django\venv\Lib\site-packages\MySQLdb\cursors.py", line 315, in callproc
    self._query(q)
  File "D:\HotelManagementSystem-Django\venv\Lib\site-packages\MySQLdb\cursors.py", line 330, in _query
    db.query(q)
  File "D:\HotelManagementSystem-Django\venv\Lib\site-packages\MySQLdb\connections.py", line 255, in query
    _mysql.connection.query(self, query)
MySQLdb.ProgrammingError: (2014, "Commands out of sync; you can't run this command now")

The above exception was the direct cause of the following exception:

Traceback (most recent call last):
  File "D:\HotelManagementSystem-Django\venv\Lib\site-packages\django\core\handlers\exception.py", line 55, in inner
    response = get_response(request)
               ^^^^^^^^^^^^^^^^^^^^^
  File "D:\HotelManagementSystem-Django\venv\Lib\site-packages\django\core\handlers\base.py", line 197, in _get_response
    response = wrapped_callback(request, *callback_args, **callback_kwargs)
               ^^^^^^^^^^^^^^^^^^^^^^^^^^^^^^^^^^^^^^^^^^^^^^^^^^^^^^^^^^^^
  File "D:\HotelManagementSystem-Django\HMS\hotelobsidian\roominformationviews.py", line 122, in delete_roominformation
    cursor.callproc('ViewBooking', [billing.billing_id])
  File "D:\HotelManagementSystem-Django\venv\Lib\site-packages\django\db\backends\utils.py", line 57, in callproc
    with self.db.wrap_database_errors:
  File "D:\HotelManagementSystem-Django\venv\Lib\site-packages\django\db\utils.py", line 91, in __exit__
    raise dj_exc_value.with_traceback(traceback) from exc_value
  File "D:\HotelManagementSystem-Django\venv\Lib\site-packages\django\db\backends\utils.py", line 61, in callproc
    return self.cursor.callproc(procname, params)
           ^^^^^^^^^^^^^^^^^^^^^^^^^^^^^^^^^^^^^^
  File "D:\HotelManagementSystem-Django\venv\Lib\site-packages\MySQLdb\cursors.py", line 315, in callproc
    self._query(q)
  File "D:\HotelManagementSystem-Django\venv\Lib\site-packages\MySQLdb\cursors.py", line 330, in _query
    db.query(q)
  File "D:\HotelManagementSystem-Django\venv\Lib\site-packages\MySQLdb\connections.py", line 255, in query
    _mysql.connection.query(self, query)
django.db.utils.ProgrammingError: (2014, "Commands out of sync; you can't run this command now")
"DELETE /hotelobsidian/delete_roominformation/50/ HTTP/1.1" 500 112860
Internal Server Error: /hotelobsidian/delete_roominformation/50/
Traceback (most recent call last):
  File "D:\HotelManagementSystem-Django\venv\Lib\site-packages\django\db\backends\utils.py", line 61, in callproc
    return self.cursor.callproc(procname, params)
           ^^^^^^^^^^^^^^^^^^^^^^^^^^^^^^^^^^^^^^
  File "D:\HotelManagementSystem-Django\venv\Lib\site-packages\MySQLdb\cursors.py", line 315, in callproc
    self._query(q)
  File "D:\HotelManagementSystem-Django\venv\Lib\site-packages\MySQLdb\cursors.py", line 330, in _query
    db.query(q)
  File "D:\HotelManagementSystem-Django\venv\Lib\site-packages\MySQLdb\connections.py", line 255, in query
    _mysql.connection.query(self, query)
MySQLdb.ProgrammingError: (2014, "Commands out of sync; you can't run this command now")

The above exception was the direct cause of the following exception:

Traceback (most recent call last):
  File "D:\HotelManagementSystem-Django\venv\Lib\site-packages\django\core\handlers\exception.py", line 55, in inner
    response = get_response(request)
               ^^^^^^^^^^^^^^^^^^^^^
  File "D:\HotelManagementSystem-Django\venv\Lib\site-packages\django\core\handlers\base.py", line 197, in _get_response
    response = wrapped_callback(request, *callback_args, **callback_kwargs)
               ^^^^^^^^^^^^^^^^^^^^^^^^^^^^^^^^^^^^^^^^^^^^^^^^^^^^^^^^^^^^
  File "D:\HotelManagementSystem-Django\HMS\hotelobsidian\roominformationviews.py", line 122, in delete_roominformation
    cursor.callproc('ViewBooking', [billing.billing_id])
  File "D:\HotelManagementSystem-Django\venv\Lib\site-packages\django\db\backends\utils.py", line 57, in callproc
    with self.db.wrap_database_errors:
  File "D:\HotelManagementSystem-Django\venv\Lib\site-packages\django\db\utils.py", line 91, in __exit__
    raise dj_exc_value.with_traceback(traceback) from exc_value
  File "D:\HotelManagementSystem-Django\venv\Lib\site-packages\django\db\backends\utils.py", line 61, in callproc
    return self.cursor.callproc(procname, params)
           ^^^^^^^^^^^^^^^^^^^^^^^^^^^^^^^^^^^^^^
  File "D:\HotelManagementSystem-Django\venv\Lib\site-packages\MySQLdb\cursors.py", line 315, in callproc
    self._query(q)
  File "D:\HotelManagementSystem-Django\venv\Lib\site-packages\MySQLdb\cursors.py", line 330, in _query
    db.query(q)
  File "D:\HotelManagementSystem-Django\venv\Lib\site-packages\MySQLdb\connections.py", line 255, in query
    _mysql.connection.query(self, query)
django.db.utils.ProgrammingError: (2014, "Commands out of sync; you can't run this command now")
"DELETE /hotelobsidian/delete_roominformation/50/ HTTP/1.1" 500 112860
"POST /hotelobsidian/admin/roominformation/update/ HTTP/1.1" 200 74170
Internal Server Error: /hotelobsidian/delete_roominformation/2/
Traceback (most recent call last):
  File "D:\HotelManagementSystem-Django\venv\Lib\site-packages\django\db\backends\utils.py", line 61, in callproc
    return self.cursor.callproc(procname, params)
           ^^^^^^^^^^^^^^^^^^^^^^^^^^^^^^^^^^^^^^
  File "D:\HotelManagementSystem-Django\venv\Lib\site-packages\MySQLdb\cursors.py", line 315, in callproc
    self._query(q)
  File "D:\HotelManagementSystem-Django\venv\Lib\site-packages\MySQLdb\cursors.py", line 330, in _query
    db.query(q)
  File "D:\HotelManagementSystem-Django\venv\Lib\site-packages\MySQLdb\connections.py", line 255, in query
    _mysql.connection.query(self, query)
MySQLdb.ProgrammingError: (2014, "Commands out of sync; you can't run this command now")

The above exception was the direct cause of the following exception:

Traceback (most recent call last):
  File "D:\HotelManagementSystem-Django\venv\Lib\site-packages\django\core\handlers\exception.py", line 55, in inner
    response = get_response(request)
               ^^^^^^^^^^^^^^^^^^^^^
  File "D:\HotelManagementSystem-Django\venv\Lib\site-packages\django\core\handlers\base.py", line 197, in _get_response
    response = wrapped_callback(request, *callback_args, **callback_kwargs)
               ^^^^^^^^^^^^^^^^^^^^^^^^^^^^^^^^^^^^^^^^^^^^^^^^^^^^^^^^^^^^
  File "D:\HotelManagementSystem-Django\HMS\hotelobsidian\roominformationviews.py", line 122, in delete_roominformation
    cursor.callproc('ViewBooking', [billing.billing_id])
  File "D:\HotelManagementSystem-Django\venv\Lib\site-packages\django\db\backends\utils.py", line 57, in callproc
    with self.db.wrap_database_errors:
  File "D:\HotelManagementSystem-Django\venv\Lib\site-packages\django\db\utils.py", line 91, in __exit__
    raise dj_exc_value.with_traceback(traceback) from exc_value
  File "D:\HotelManagementSystem-Django\venv\Lib\site-packages\django\db\backends\utils.py", line 61, in callproc
    return self.cursor.callproc(procname, params)
           ^^^^^^^^^^^^^^^^^^^^^^^^^^^^^^^^^^^^^^
  File "D:\HotelManagementSystem-Django\venv\Lib\site-packages\MySQLdb\cursors.py", line 315, in callproc
    self._query(q)
  File "D:\HotelManagementSystem-Django\venv\Lib\site-packages\MySQLdb\cursors.py", line 330, in _query
    db.query(q)
  File "D:\HotelManagementSystem-Django\venv\Lib\site-packages\MySQLdb\connections.py", line 255, in query
    _mysql.connection.query(self, query)
django.db.utils.ProgrammingError: (2014, "Commands out of sync; you can't run this command now")
"DELETE /hotelobsidian/delete_roominformation/2/ HTTP/1.1" 500 112848
Internal Server Error: /hotelobsidian/delete_roominformation/2/
Traceback (most recent call last):
  File "D:\HotelManagementSystem-Django\venv\Lib\site-packages\django\db\backends\utils.py", line 61, in callproc
    return self.cursor.callproc(procname, params)
           ^^^^^^^^^^^^^^^^^^^^^^^^^^^^^^^^^^^^^^
  File "D:\HotelManagementSystem-Django\venv\Lib\site-packages\MySQLdb\cursors.py", line 315, in callproc
    self._query(q)
  File "D:\HotelManagementSystem-Django\venv\Lib\site-packages\MySQLdb\cursors.py", line 330, in _query
    db.query(q)
  File "D:\HotelManagementSystem-Django\venv\Lib\site-packages\MySQLdb\connections.py", line 255, in query
    _mysql.connection.query(self, query)
MySQLdb.ProgrammingError: (2014, "Commands out of sync; you can't run this command now")

The above exception was the direct cause of the following exception:

Traceback (most recent call last):
  File "D:\HotelManagementSystem-Django\venv\Lib\site-packages\django\core\handlers\exception.py", line 55, in inner
    response = get_response(request)
               ^^^^^^^^^^^^^^^^^^^^^
  File "D:\HotelManagementSystem-Django\venv\Lib\site-packages\django\core\handlers\base.py", line 197, in _get_response
    response = wrapped_callback(request, *callback_args, **callback_kwargs)
               ^^^^^^^^^^^^^^^^^^^^^^^^^^^^^^^^^^^^^^^^^^^^^^^^^^^^^^^^^^^^
  File "D:\HotelManagementSystem-Django\HMS\hotelobsidian\roominformationviews.py", line 122, in delete_roominformation
    cursor.callproc('ViewBooking', [billing.billing_id])
  File "D:\HotelManagementSystem-Django\venv\Lib\site-packages\django\db\backends\utils.py", line 57, in callproc
    with self.db.wrap_database_errors:
  File "D:\HotelManagementSystem-Django\venv\Lib\site-packages\django\db\utils.py", line 91, in __exit__
    raise dj_exc_value.with_traceback(traceback) from exc_value
  File "D:\HotelManagementSystem-Django\venv\Lib\site-packages\django\db\backends\utils.py", line 61, in callproc
    return self.cursor.callproc(procname, params)
           ^^^^^^^^^^^^^^^^^^^^^^^^^^^^^^^^^^^^^^
  File "D:\HotelManagementSystem-Django\venv\Lib\site-packages\MySQLdb\cursors.py", line 315, in callproc
    self._query(q)
  File "D:\HotelManagementSystem-Django\venv\Lib\site-packages\MySQLdb\cursors.py", line 330, in _query
    db.query(q)
  File "D:\HotelManagementSystem-Django\venv\Lib\site-packages\MySQLdb\connections.py", line 255, in query
    _mysql.connection.query(self, query)
django.db.utils.ProgrammingError: (2014, "Commands out of sync; you can't run this command now")
"DELETE /hotelobsidian/delete_roominformation/2/ HTTP/1.1" 500 112848
D:\HotelManagementSystem-Django\HMS\hotelobsidian\roominformationviews.py changed, reloading.
Watching for file changes with StatReloader
D:\HotelManagementSystem-Django\HMS\hotelobsidian\roominformationviews.py changed, reloading.
Watching for file changes with StatReloader
"POST /hotelobsidian/admin/roominformation/update/ HTTP/1.1" 200 74170
Internal Server Error: /hotelobsidian/delete_roominformation/50/
Traceback (most recent call last):
  File "D:\HotelManagementSystem-Django\venv\Lib\site-packages\django\db\backends\utils.py", line 61, in callproc
    return self.cursor.callproc(procname, params)
           ^^^^^^^^^^^^^^^^^^^^^^^^^^^^^^^^^^^^^^
  File "D:\HotelManagementSystem-Django\venv\Lib\site-packages\MySQLdb\cursors.py", line 315, in callproc
    self._query(q)
  File "D:\HotelManagementSystem-Django\venv\Lib\site-packages\MySQLdb\cursors.py", line 330, in _query
    db.query(q)
  File "D:\HotelManagementSystem-Django\venv\Lib\site-packages\MySQLdb\connections.py", line 255, in query
    _mysql.connection.query(self, query)
MySQLdb.ProgrammingError: (2014, "Commands out of sync; you can't run this command now")

The above exception was the direct cause of the following exception:

Traceback (most recent call last):
  File "D:\HotelManagementSystem-Django\venv\Lib\site-packages\django\core\handlers\exception.py", line 55, in inner
    response = get_response(request)
               ^^^^^^^^^^^^^^^^^^^^^
  File "D:\HotelManagementSystem-Django\venv\Lib\site-packages\django\core\handlers\base.py", line 197, in _get_response
    response = wrapped_callback(request, *callback_args, **callback_kwargs)
               ^^^^^^^^^^^^^^^^^^^^^^^^^^^^^^^^^^^^^^^^^^^^^^^^^^^^^^^^^^^^
  File "D:\HotelManagementSystem-Django\HMS\hotelobsidian\roominformationviews.py", line 122, in delete_roominformation
    cursor.callproc('ViewBooking', [billing.billing_id])
  File "D:\HotelManagementSystem-Django\venv\Lib\site-packages\django\db\backends\utils.py", line 57, in callproc
    with self.db.wrap_database_errors:
  File "D:\HotelManagementSystem-Django\venv\Lib\site-packages\django\db\utils.py", line 91, in __exit__
    raise dj_exc_value.with_traceback(traceback) from exc_value
  File "D:\HotelManagementSystem-Django\venv\Lib\site-packages\django\db\backends\utils.py", line 61, in callproc
    return self.cursor.callproc(procname, params)
           ^^^^^^^^^^^^^^^^^^^^^^^^^^^^^^^^^^^^^^
  File "D:\HotelManagementSystem-Django\venv\Lib\site-packages\MySQLdb\cursors.py", line 315, in callproc
    self._query(q)
  File "D:\HotelManagementSystem-Django\venv\Lib\site-packages\MySQLdb\cursors.py", line 330, in _query
    db.query(q)
  File "D:\HotelManagementSystem-Django\venv\Lib\site-packages\MySQLdb\connections.py", line 255, in query
    _mysql.connection.query(self, query)
django.db.utils.ProgrammingError: (2014, "Commands out of sync; you can't run this command now")
"DELETE /hotelobsidian/delete_roominformation/50/ HTTP/1.1" 500 112875
D:\HotelManagementSystem-Django\HMS\hotelobsidian\roominformationviews.py changed, reloading.
Watching for file changes with StatReloader
"POST /hotelobsidian/admin/roominformation/update/ HTTP/1.1" 200 74170
Internal Server Error: /hotelobsidian/delete_roominformation/50/
Traceback (most recent call last):
  File "D:\HotelManagementSystem-Django\venv\Lib\site-packages\django\core\handlers\exception.py", line 55, in inner
    response = get_response(request)
               ^^^^^^^^^^^^^^^^^^^^^
  File "D:\HotelManagementSystem-Django\venv\Lib\site-packages\django\core\handlers\base.py", line 204, in _get_response
    self.check_response(response, callback)
  File "D:\HotelManagementSystem-Django\venv\Lib\site-packages\django\core\handlers\base.py", line 332, in check_response
    raise ValueError(
ValueError: The view hotelobsidian.roominformationviews.delete_roominformation didn't return an HttpResponse object. It returned None instead.
"DELETE /hotelobsidian/delete_roominformation/50/ HTTP/1.1" 500 69161
D:\HotelManagementSystem-Django\HMS\hotelobsidian\roominformationviews.py changed, reloading.
Watching for file changes with StatReloader
D:\HotelManagementSystem-Django\HMS\hotelobsidian\roominformationviews.py changed, reloading.
Watching for file changes with StatReloader
"POST /hotelobsidian/admin/roominformation/update/ HTTP/1.1" 200 74170
Internal Server Error: /hotelobsidian/delete_roominformation/50/
Traceback (most recent call last):
  File "D:\HotelManagementSystem-Django\venv\Lib\site-packages\django\core\handlers\exception.py", line 55, in inner
    response = get_response(request)
               ^^^^^^^^^^^^^^^^^^^^^
  File "D:\HotelManagementSystem-Django\venv\Lib\site-packages\django\core\handlers\base.py", line 204, in _get_response
    self.check_response(response, callback)
  File "D:\HotelManagementSystem-Django\venv\Lib\site-packages\django\core\handlers\base.py", line 332, in check_response
    raise ValueError(
ValueError: The view hotelobsidian.roominformationviews.delete_roominformation didn't return an HttpResponse object. It returned None instead.
"DELETE /hotelobsidian/delete_roominformation/50/ HTTP/1.1" 500 69161
"POST /hotelobsidian/admin/roominformation/update/ HTTP/1.1" 200 74170
Internal Server Error: /hotelobsidian/delete_roominformation/39/
Traceback (most recent call last):
  File "D:\HotelManagementSystem-Django\venv\Lib\site-packages\django\core\handlers\exception.py", line 55, in inner
    response = get_response(request)
               ^^^^^^^^^^^^^^^^^^^^^
  File "D:\HotelManagementSystem-Django\venv\Lib\site-packages\django\core\handlers\base.py", line 204, in _get_response
    self.check_response(response, callback)
  File "D:\HotelManagementSystem-Django\venv\Lib\site-packages\django\core\handlers\base.py", line 332, in check_response
    raise ValueError(
ValueError: The view hotelobsidian.roominformationviews.delete_roominformation didn't return an HttpResponse object. It returned None instead.
"DELETE /hotelobsidian/delete_roominformation/39/ HTTP/1.1" 500 69161
D:\HotelManagementSystem-Django\HMS\hotelobsidian\roominformationviews.py changed, reloading.
Watching for file changes with StatReloader
D:\HotelManagementSystem-Django\HMS\hotelobsidian\roominformationviews.py changed, reloading.
Watching for file changes with StatReloader
"POST /hotelobsidian/admin/roominformation/update/ HTTP/1.1" 200 74170
"DELETE /hotelobsidian/delete_roominformation/50/ HTTP/1.1" 302 0
"DELETE /hotelobsidian/admin/roominformation/update/ HTTP/1.1" 200 73164
"POST /hotelobsidian/admin/roominformation/update/ HTTP/1.1" 200 73164
D:\HotelManagementSystem-Django\HMS\hotelobsidian\roominformationviews.py changed, reloading.
Watching for file changes with StatReloader
D:\HotelManagementSystem-Django\HMS\hotelobsidian\roominformationviews.py changed, reloading.
Watching for file changes with StatReloader
D:\HotelManagementSystem-Django\HMS\hotelobsidian\roominformationviews.py changed, reloading.
Watching for file changes with StatReloader
D:\HotelManagementSystem-Django\HMS\hotelobsidian\roominformationviews.py changed, reloading.
Watching for file changes with StatReloader
D:\HotelManagementSystem-Django\HMS\hotelobsidian\roominformationviews.py changed, reloading.
Watching for file changes with StatReloader
D:\HotelManagementSystem-Django\HMS\hotelobsidian\roominformationviews.py changed, reloading.
Watching for file changes with StatReloader
"POST /hotelobsidian/admin/roominformation/update/ HTTP/1.1" 200 74843
"POST /hotelobsidian/admin/roominformation/update/ HTTP/1.1" 200 73193
"POST /hotelobsidian/admin/roominformation/new_update/ HTTP/1.1" 200 42088
"DELETE /hotelobsidian/delete_roominformation/33/ HTTP/1.1" 302 0
"DELETE /hotelobsidian/admin/roominformation/new_update/ HTTP/1.1" 200 22
"POST /hotelobsidian/admin/roominformation/new_update/ HTTP/1.1" 200 41684
"POST /hotelobsidian/admin/roominformation/new_update/ HTTP/1.1" 200 41081
D:\HotelManagementSystem-Django\HMS\hotelobsidian\roominformationviews.py changed, reloading.
Watching for file changes with StatReloader
D:\HotelManagementSystem-Django\HMS\hotelobsidian\roominformationviews.py changed, reloading.
Watching for file changes with StatReloader
D:\HotelManagementSystem-Django\HMS\hotelobsidian\roominformationviews.py changed, reloading.
Watching for file changes with StatReloader
D:\HotelManagementSystem-Django\HMS\hotelobsidian\roominformationviews.py changed, reloading.
Watching for file changes with StatReloader
D:\HotelManagementSystem-Django\HMS\hotelobsidian\roominformationviews.py changed, reloading.
Watching for file changes with StatReloader
D:\HotelManagementSystem-Django\HMS\hotelobsidian\roominformationviews.py changed, reloading.
Watching for file changes with StatReloader
D:\HotelManagementSystem-Django\HMS\hotelobsidian\roominformationviews.py changed, reloading.
Watching for file changes with StatReloader
D:\HotelManagementSystem-Django\HMS\hotelobsidian\roominformationviews.py changed, reloading.
Watching for file changes with StatReloader
D:\HotelManagementSystem-Django\HMS\hotelobsidian\roominformationviews.py changed, reloading.
Watching for file changes with StatReloader
"POST /hotelobsidian/admin/roominformation/new_update/ HTTP/1.1" 200 41081
"POST /hotelobsidian/admin/roominformation/new_update/ HTTP/1.1" 200 72186
"POST /hotelobsidian/admin/roominformation/new_update/ HTTP/1.1" 200 28999
Internal Server Error: /hotelobsidian/delete_roominformation/43/
Traceback (most recent call last):
  File "D:\HotelManagementSystem-Django\venv\Lib\site-packages\django\core\handlers\exception.py", line 55, in inner
    response = get_response(request)
               ^^^^^^^^^^^^^^^^^^^^^
  File "D:\HotelManagementSystem-Django\venv\Lib\site-packages\django\core\handlers\base.py", line 204, in _get_response
    self.check_response(response, callback)
  File "D:\HotelManagementSystem-Django\venv\Lib\site-packages\django\core\handlers\base.py", line 332, in check_response
    raise ValueError(
ValueError: The view hotelobsidian.roominformationviews.delete_roominformation didn't return an HttpResponse object. It returned None instead.
"DELETE /hotelobsidian/delete_roominformation/43/ HTTP/1.1" 500 68890
D:\HotelManagementSystem-Django\HMS\hotelobsidian\roominformationviews.py changed, reloading.
Watching for file changes with StatReloader
"POST /hotelobsidian/admin/roominformation/new_update/ HTTP/1.1" 200 28999
"DELETE /hotelobsidian/delete_roominformation/43/ HTTP/1.1" 302 0
"DELETE /hotelobsidian/admin/roominformation/new_update/ HTTP/1.1" 200 22
"POST /hotelobsidian/admin/roominformation/new_update/ HTTP/1.1" 200 29623
D:\HotelManagementSystem-Django\HMS\hotelobsidian\roominformationviews.py changed, reloading.
Watching for file changes with StatReloader
D:\HotelManagementSystem-Django\HMS\hotelobsidian\branchviews.py changed, reloading.
Watching for file changes with StatReloader
D:\HotelManagementSystem-Django\HMS\hotelobsidian\branchviews.py changed, reloading.
Watching for file changes with StatReloader
D:\HotelManagementSystem-Django\HMS\hotelobsidian\branchviews.py changed, reloading.
Watching for file changes with StatReloader
D:\HotelManagementSystem-Django\HMS\hotelobsidian\models.py changed, reloading.
Watching for file changes with StatReloader
D:\HotelManagementSystem-Django\HMS\hotelobsidian\branchviews.py changed, reloading.
Watching for file changes with StatReloader
D:\HotelManagementSystem-Django\HMS\hotelobsidian\branchviews.py changed, reloading.
Watching for file changes with StatReloader
D:\HotelManagementSystem-Django\HMS\hotelobsidian\branchviews.py changed, reloading.
Watching for file changes with StatReloader
D:\HotelManagementSystem-Django\HMS\hotelobsidian\branchviews.py changed, reloading.
Watching for file changes with StatReloader
D:\HotelManagementSystem-Django\HMS\hotelobsidian\branchviews.py changed, reloading.
Watching for file changes with StatReloader
D:\HotelManagementSystem-Django\HMS\hotelobsidian\branchviews.py changed, reloading.
Watching for file changes with StatReloader
D:\HotelManagementSystem-Django\HMS\hotelobsidian\branchviews.py changed, reloading.
Watching for file changes with StatReloader
D:\HotelManagementSystem-Django\HMS\hotelobsidian\branchviews.py changed, reloading.
Watching for file changes with StatReloader
D:\HotelManagementSystem-Django\HMS\hotelobsidian\branchviews.py changed, reloading.
Watching for file changes with StatReloader
D:\HotelManagementSystem-Django\HMS\hotelobsidian\branchviews.py changed, reloading.
Watching for file changes with StatReloader
D:\HotelManagementSystem-Django\HMS\hotelobsidian\urls.py changed, reloading.
Watching for file changes with StatReloader
D:\HotelManagementSystem-Django\HMS\hotelobsidian\urls.py changed, reloading.
Watching for file changes with StatReloader
D:\HotelManagementSystem-Django\HMS\hotelobsidian\urls.py changed, reloading.
Watching for file changes with StatReloader
D:\HotelManagementSystem-Django\HMS\hotelobsidian\urls.py changed, reloading.
Watching for file changes with StatReloader
D:\HotelManagementSystem-Django\HMS\hotelobsidian\urls.py changed, reloading.
Watching for file changes with StatReloader
D:\HotelManagementSystem-Django\HMS\hotelobsidian\urls.py changed, reloading.
Watching for file changes with StatReloader
D:\HotelManagementSystem-Django\HMS\hotelobsidian\urls.py changed, reloading.
Watching for file changes with StatReloader
D:\HotelManagementSystem-Django\HMS\hotelobsidian\urls.py changed, reloading.
Watching for file changes with StatReloader
D:\HotelManagementSystem-Django\HMS\hotelobsidian\urls.py changed, reloading.
Watching for file changes with StatReloader
D:\HotelManagementSystem-Django\HMS\hotelobsidian\urls.py changed, reloading.
Watching for file changes with StatReloader
D:\HotelManagementSystem-Django\HMS\hotelobsidian\urls.py changed, reloading.
Watching for file changes with StatReloader
D:\HotelManagementSystem-Django\HMS\hotelobsidian\urls.py changed, reloading.
Watching for file changes with StatReloader
D:\HotelManagementSystem-Django\HMS\hotelobsidian\urls.py changed, reloading.
Watching for file changes with StatReloader
D:\HotelManagementSystem-Django\HMS\hotelobsidian\urls.py changed, reloading.
Watching for file changes with StatReloader
D:\HotelManagementSystem-Django\HMS\hotelobsidian\branchviews.py changed, reloading.
Watching for file changes with StatReloader
"GET /hotelobsidian/ HTTP/1.1" 200 18625
"GET /hotelobsidian/logout HTTP/1.1" 302 0
"GET /hotelobsidian/login/ HTTP/1.1" 200 15529
"GET /static/your_stylesheet.css HTTP/1.1" 404 1917
"POST /hotelobsidian/homepage/ HTTP/1.1" 200 18625
"GET /hotelobsidian/admin/ HTTP/1.1" 200 12774
"GET /static/your_stylesheet.css HTTP/1.1" 404 1917
"GET /hotelobsidian/admin/branchinformation/ HTTP/1.1" 200 22006
"POST /hotelobsidian/admin/branchinformation/add/ HTTP/1.1" 200 22701
"POST /hotelobsidian/admin/branchinformation/add_new/ HTTP/1.1" 302 0
"GET /hotelobsidian/admin/branchinformation/add/ HTTP/1.1" 200 22837
"GET /hotelobsidian/admin/branchinformation/ HTTP/1.1" 200 22006
"POST /hotelobsidian/admin/branchinformation/update/ HTTP/1.1" 200 28762
"POST /hotelobsidian/admin/branchinformation/new_update/ HTTP/1.1" 200 28784
"POST /hotelobsidian/admin/branchinformation/new_update/ HTTP/1.1" 200 25101
"POST /hotelobsidian/admin/branchinformation/new_update/ HTTP/1.1" 200 25103
"POST /hotelobsidian/admin/branchinformation/new_update/ HTTP/1.1" 200 25088
